0 info it worked if it ends with ok
1 verbose cli [
1 verbose cli   '/usr/local/bin/node',
1 verbose cli   '/usr/local/bin/npm',
1 verbose cli   'install',
1 verbose cli   '--ignore-scripts',
1 verbose cli   '@types/craco__craco@ts3.6',
1 verbose cli   '@types/enzyme@ts3.6',
1 verbose cli   '@types/styled-components@ts3.6',
1 verbose cli   '@types/accepts@ts3.6',
1 verbose cli   '@types/argparse@ts3.6',
1 verbose cli   '@types/aria-query@ts3.6',
1 verbose cli   '@types/arr-diff@ts3.6',
1 verbose cli   '@types/arr-union@ts3.6',
1 verbose cli   '@types/array-unique@ts3.6',
1 verbose cli   '@types/array.prototype.flat@ts3.6',
1 verbose cli   '@types/array.prototype.flatmap@ts3.6',
1 verbose cli   '@types/asap@ts3.6',
1 verbose cli   '@types/asn1@ts3.6',
1 verbose cli   '@types/assert@ts3.6',
1 verbose cli   '@types/assert-plus@ts3.6',
1 verbose cli   '@types/async@ts3.6',
1 verbose cli   '@types/atob@ts3.6',
1 verbose cli   '@types/aws4@ts3.6',
1 verbose cli   '@types/babel-plugin-macros@ts3.6',
1 verbose cli   '@types/babel-plugin-syntax-jsx@ts3.6',
1 verbose cli   '@types/babylon@ts3.6',
1 verbose cli   '@types/balanced-match@ts3.6',
1 verbose cli   '@types/big.js@ts3.6',
1 verbose cli   '@types/bluebird@ts3.6',
1 verbose cli   '@types/bn.js@ts3.6',
1 verbose cli   '@types/body-parser@ts3.6',
1 verbose cli   '@types/bonjour@ts3.6',
1 verbose cli   '@types/boolbase@ts3.6',
1 verbose cli   '@types/brace-expansion@ts3.6',
1 verbose cli   '@types/braces@ts3.6',
1 verbose cli   '@types/brorand@ts3.6',
1 verbose cli   '@types/bser@ts3.6',
1 verbose cli   '@types/buffer-from@ts3.6',
1 verbose cli   '@types/buffer-xor@ts3.6',
1 verbose cli   '@types/bytes@ts3.6',
1 verbose cli   '@types/cacache@ts3.6',
1 verbose cli   '@types/call-bind@ts3.6',
1 verbose cli   '@types/caniuse-api@ts3.6',
1 verbose cli   '@types/caniuse-lite@ts3.6',
1 verbose cli   '@types/case-sensitive-paths-webpack-plugin@ts3.6',
1 verbose cli   '@types/caseless@ts3.6',
1 verbose cli   '@types/chardet@ts3.6',
1 verbose cli   '@types/check-types@ts3.6',
1 verbose cli   '@types/chownr@ts3.6',
1 verbose cli   '@types/cipher-base@ts3.6',
1 verbose cli   '@types/clean-css@ts3.6',
1 verbose cli   '@types/cli-spinners@ts3.6',
1 verbose cli   '@types/clone@ts3.6',
1 verbose cli   '@types/co@ts3.6',
1 verbose cli   '@types/color@ts3.6',
1 verbose cli   '@types/color-convert@ts3.6',
1 verbose cli   '@types/color-name@ts3.6',
1 verbose cli   '@types/color-string@ts3.6',
1 verbose cli   '@types/combined-stream@ts3.6',
1 verbose cli   '@types/common-tags@ts3.6',
1 verbose cli   '@types/commondir@ts3.6',
1 verbose cli   '@types/component-emitter@ts3.6',
1 verbose cli   '@types/compose-function@ts3.6',
1 verbose cli   '@types/compressible@ts3.6',
1 verbose cli   '@types/compression@ts3.6',
1 verbose cli   '@types/concat-map@ts3.6',
1 verbose cli   '@types/concat-stream@ts3.6',
1 verbose cli   '@types/confusing-browser-globals@ts3.6',
1 verbose cli   '@types/connect-history-api-fallback@ts3.6',
1 verbose cli   '@types/content-disposition@ts3.6',
1 verbose cli   '@types/content-type@ts3.6',
1 verbose cli   '@types/convert-source-map@ts3.6',
1 verbose cli   '@types/cookie@ts3.6',
1 verbose cli   '@types/cookie-signature@ts3.6',
1 verbose cli   '@types/core-js@ts3.6',
1 verbose cli   '@types/create-hash@ts3.6',
1 verbose cli   '@types/create-hmac@ts3.6',
1 verbose cli   '@types/cross-spawn@ts3.6',
1 verbose cli   '@types/css@ts3.6',
1 verbose cli   '@types/css-declaration-sorter@ts3.6',
1 verbose cli   '@types/css-to-react-native@ts3.6',
1 verbose cli   '@types/css-tree@ts3.6',
1 verbose cli   '@types/css.escape@ts3.6',
1 verbose cli   '@types/cssesc@ts3.6',
1 verbose cli   '@types/csso@ts3.6',
1 verbose cli   '@types/cssom@ts3.6',
1 verbose cli   '@types/cssstyle@ts3.6',
1 verbose cli   '@types/d@ts3.6',
1 verbose cli   '@types/damerau-levenshtein@ts3.6',
1 verbose cli   '@types/dashdash@ts3.6',
1 verbose cli   '@types/data-urls@ts3.6',
1 verbose cli   '@types/debug@ts3.6',
1 verbose cli   '@types/decode-uri-component@ts3.6',
1 verbose cli   '@types/dedent@ts3.6',
1 verbose cli   '@types/deep-equal@ts3.6',
1 verbose cli   '@types/default-gateway@ts3.6',
1 verbose cli   '@types/defaults@ts3.6',
1 verbose cli   '@types/define-properties@ts3.6',
1 verbose cli   '@types/depd@ts3.6',
1 verbose cli   '@types/destroy@ts3.6',
1 verbose cli   '@types/detect-node@ts3.6',
1 verbose cli   ... 126 more items
1 verbose cli ]
2 info using npm@6.14.6
3 info using node@v12.18.3
4 verbose npm-session cce119df89a13e4e
5 silly install loadCurrentTree
6 silly install readLocalPackageData
7 http fetch GET 304 https://registry.npmjs.org/@types%2faccepts 351ms (from cache)
8 silly pacote tag manifest for @types/accepts@ts3.6 fetched in 359ms
9 http fetch GET 304 https://registry.npmjs.org/@types%2farr-union 429ms (from cache)
10 http fetch GET 304 https://registry.npmjs.org/@types%2farray.prototype.flat 424ms (from cache)
11 http fetch GET 304 https://registry.npmjs.org/@types%2fargparse 442ms (from cache)
12 http fetch GET 304 https://registry.npmjs.org/@types%2farray-unique 435ms (from cache)
13 http fetch GET 304 https://registry.npmjs.org/@types%2farr-diff 445ms (from cache)
14 silly pacote tag manifest for @types/arr-union@ts3.6 fetched in 447ms
15 silly pacote tag manifest for @types/argparse@ts3.6 fetched in 461ms
16 silly pacote tag manifest for @types/array.prototype.flat@ts3.6 fetched in 444ms
17 silly pacote tag manifest for @types/array-unique@ts3.6 fetched in 455ms
18 silly pacote tag manifest for @types/arr-diff@ts3.6 fetched in 466ms
19 http fetch GET 304 https://registry.npmjs.org/@types%2faria-query 499ms (from cache)
20 http fetch GET 304 https://registry.npmjs.org/@types%2farray.prototype.flatmap 149ms (from cache)
21 silly pacote tag manifest for @types/aria-query@ts3.6 fetched in 506ms
22 silly pacote tag manifest for @types/array.prototype.flatmap@ts3.6 fetched in 157ms
23 http fetch GET 304 https://registry.npmjs.org/@types%2fasap 127ms (from cache)
24 http fetch GET 304 https://registry.npmjs.org/@types%2fassert 125ms (from cache)
25 silly pacote tag manifest for @types/asap@ts3.6 fetched in 139ms
26 silly pacote tag manifest for @types/assert@ts3.6 fetched in 138ms
27 http fetch GET 304 https://registry.npmjs.org/@types%2fasync 133ms (from cache)
28 http fetch GET 304 https://registry.npmjs.org/@types%2fassert-plus 139ms (from cache)
29 silly pacote tag manifest for @types/async@ts3.6 fetched in 141ms
30 silly pacote tag manifest for @types/assert-plus@ts3.6 fetched in 149ms
31 http fetch GET 304 https://registry.npmjs.org/@types%2fatob 140ms (from cache)
32 silly pacote tag manifest for @types/atob@ts3.6 fetched in 147ms
33 http fetch GET 304 https://registry.npmjs.org/@types%2fasn1 231ms (from cache)
34 silly pacote tag manifest for @types/asn1@ts3.6 fetched in 245ms
35 http fetch GET 304 https://registry.npmjs.org/@types%2faws4 224ms (from cache)
36 http fetch GET 304 https://registry.npmjs.org/@types%2fbabel-plugin-syntax-jsx 137ms (from cache)
37 silly pacote tag manifest for @types/aws4@ts3.6 fetched in 234ms
38 silly pacote tag manifest for @types/babel-plugin-syntax-jsx@ts3.6 fetched in 148ms
39 http fetch GET 304 https://registry.npmjs.org/@types%2fbabel-plugin-macros 160ms (from cache)
40 silly pacote tag manifest for @types/babel-plugin-macros@ts3.6 fetched in 175ms
41 http fetch GET 304 https://registry.npmjs.org/@types%2fbalanced-match 167ms (from cache)
42 http fetch GET 304 https://registry.npmjs.org/@types%2fbabylon 180ms (from cache)
43 silly pacote tag manifest for @types/balanced-match@ts3.6 fetched in 202ms
44 silly pacote tag manifest for @types/babylon@ts3.6 fetched in 215ms
45 http fetch GET 304 https://registry.npmjs.org/@types%2fbig.js 219ms (from cache)
46 silly pacote tag manifest for @types/big.js@ts3.6 fetched in 231ms
47 http fetch GET 304 https://registry.npmjs.org/@types%2fbluebird 184ms (from cache)
48 silly pacote tag manifest for @types/bluebird@ts3.6 fetched in 198ms
49 http fetch GET 304 https://registry.npmjs.org/@types%2fbody-parser 157ms (from cache)
50 http fetch GET 304 https://registry.npmjs.org/@types%2fbn.js 167ms (from cache)
51 silly pacote tag manifest for @types/body-parser@ts3.6 fetched in 170ms
52 silly pacote tag manifest for @types/bn.js@ts3.6 fetched in 177ms
53 http fetch GET 304 https://registry.npmjs.org/@types%2fboolbase 124ms (from cache)
54 silly pacote tag manifest for @types/boolbase@ts3.6 fetched in 134ms
55 http fetch GET 304 https://registry.npmjs.org/@types%2fbrace-expansion 148ms (from cache)
56 silly pacote tag manifest for @types/brace-expansion@ts3.6 fetched in 153ms
57 http fetch GET 304 https://registry.npmjs.org/@types%2fbraces 110ms (from cache)
58 http fetch GET 304 https://registry.npmjs.org/@types%2fbonjour 222ms (from cache)
59 silly pacote tag manifest for @types/braces@ts3.6 fetched in 124ms
60 silly pacote tag manifest for @types/bonjour@ts3.6 fetched in 236ms
61 http fetch GET 304 https://registry.npmjs.org/@types%2fbrorand 126ms (from cache)
62 silly pacote tag manifest for @types/brorand@ts3.6 fetched in 131ms
63 http fetch GET 304 https://registry.npmjs.org/@types%2fbuffer-xor 189ms (from cache)
64 http fetch GET 304 https://registry.npmjs.org/@types%2fbser 232ms (from cache)
65 silly pacote tag manifest for @types/buffer-xor@ts3.6 fetched in 201ms
66 http fetch GET 304 https://registry.npmjs.org/@types%2fbuffer-from 239ms (from cache)
67 http fetch GET 304 https://registry.npmjs.org/@types%2fcacache 156ms (from cache)
68 silly pacote tag manifest for @types/bser@ts3.6 fetched in 249ms
69 http fetch GET 304 https://registry.npmjs.org/@types%2fbytes 192ms (from cache)
70 silly pacote tag manifest for @types/buffer-from@ts3.6 fetched in 255ms
71 http fetch GET 304 https://registry.npmjs.org/@types%2fcall-bind 171ms (from cache)
72 silly pacote tag manifest for @types/cacache@ts3.6 fetched in 178ms
73 silly registry:manifest no matching version for @types/call-bind@ts3.6 in the cache. Forcing revalidation.
74 silly pacote tag manifest for @types/bytes@ts3.6 fetched in 218ms
75 http fetch GET 304 https://registry.npmjs.org/@types%2fcaniuse-api 183ms (from cache)
76 silly pacote tag manifest for @types/caniuse-api@ts3.6 fetched in 187ms
77 http fetch GET 304 https://registry.npmjs.org/@types%2fcaniuse-lite 102ms (from cache)
78 silly pacote tag manifest for @types/caniuse-lite@ts3.6 fetched in 106ms
79 http fetch GET 304 https://registry.npmjs.org/@types%2fcase-sensitive-paths-webpack-plugin 100ms (from cache)
80 silly pacote tag manifest for @types/case-sensitive-paths-webpack-plugin@ts3.6 fetched in 104ms
81 http fetch GET 304 https://registry.npmjs.org/@types%2fcheck-types 109ms (from cache)
82 http fetch GET 304 https://registry.npmjs.org/@types%2fchownr 89ms (from cache)
83 silly pacote tag manifest for @types/check-types@ts3.6 fetched in 117ms
84 silly pacote tag manifest for @types/chownr@ts3.6 fetched in 95ms
85 http fetch GET 200 https://registry.npmjs.org/@types%2fcall-bind 209ms
86 silly fetchPackageMetaData error for @types/call-bind@ts3.6 No matching version found for @types/call-bind@ts3.6.
87 http fetch GET 304 https://registry.npmjs.org/@types%2fcipher-base 154ms (from cache)
88 http fetch GET 304 https://registry.npmjs.org/@types%2fclean-css 149ms (from cache)
89 silly pacote tag manifest for @types/cipher-base@ts3.6 fetched in 163ms
90 silly pacote tag manifest for @types/clean-css@ts3.6 fetched in 160ms
91 http fetch GET 304 https://registry.npmjs.org/@types%2fcolor-convert 114ms (from cache)
92 http fetch GET 304 https://registry.npmjs.org/@types%2fco 147ms (from cache)
93 http fetch GET 304 https://registry.npmjs.org/@types%2fcolor 123ms (from cache)
94 silly pacote tag manifest for @types/color-convert@ts3.6 fetched in 124ms
95 silly pacote tag manifest for @types/co@ts3.6 fetched in 157ms
96 silly pacote tag manifest for @types/color@ts3.6 fetched in 135ms
97 http fetch GET 304 https://registry.npmjs.org/@types%2fcaseless 415ms (from cache)
98 silly pacote tag manifest for @types/caseless@ts3.6 fetched in 418ms
99 http fetch GET 304 https://registry.npmjs.org/@types%2fcolor-string 92ms (from cache)
100 silly pacote tag manifest for @types/color-string@ts3.6 fetched in 104ms
101 http fetch GET 304 https://registry.npmjs.org/@types%2fcolor-name 141ms (from cache)
102 http fetch GET 304 https://registry.npmjs.org/@types%2fcommon-tags 104ms (from cache)
103 http fetch GET 304 https://registry.npmjs.org/@types%2fcombined-stream 138ms (from cache)
104 silly pacote tag manifest for @types/color-name@ts3.6 fetched in 147ms
105 silly pacote tag manifest for @types/common-tags@ts3.6 fetched in 112ms
106 silly pacote tag manifest for @types/combined-stream@ts3.6 fetched in 147ms
107 http fetch GET 304 https://registry.npmjs.org/@types%2fcommondir 80ms (from cache)
108 silly pacote tag manifest for @types/commondir@ts3.6 fetched in 83ms
109 http fetch GET 304 https://registry.npmjs.org/@types%2fcomponent-emitter 83ms (from cache)
110 silly pacote tag manifest for @types/component-emitter@ts3.6 fetched in 86ms
111 http fetch GET 304 https://registry.npmjs.org/@types%2fcompose-function 106ms (from cache)
112 silly pacote tag manifest for @types/compose-function@ts3.6 fetched in 111ms
113 http fetch GET 304 https://registry.npmjs.org/@types%2fconcat-map 81ms (from cache)
114 http fetch GET 304 https://registry.npmjs.org/@types%2fcompressible 163ms (from cache)
115 http fetch GET 304 https://registry.npmjs.org/@types%2fcompression 125ms (from cache)
116 silly pacote tag manifest for @types/concat-map@ts3.6 fetched in 89ms
117 silly pacote tag manifest for @types/compressible@ts3.6 fetched in 171ms
118 silly pacote tag manifest for @types/compression@ts3.6 fetched in 135ms
119 http fetch GET 304 https://registry.npmjs.org/@types%2fconcat-stream 86ms (from cache)
120 silly pacote tag manifest for @types/concat-stream@ts3.6 fetched in 89ms
121 http fetch GET 304 https://registry.npmjs.org/@types%2fconfusing-browser-globals 83ms (from cache)
122 silly pacote tag manifest for @types/confusing-browser-globals@ts3.6 fetched in 86ms
123 http fetch GET 304 https://registry.npmjs.org/@types%2fcontent-disposition 82ms (from cache)
124 silly pacote tag manifest for @types/content-disposition@ts3.6 fetched in 84ms
125 http fetch GET 304 https://registry.npmjs.org/@types%2fconnect-history-api-fallback 116ms (from cache)
126 http fetch GET 304 https://registry.npmjs.org/@types%2fcontent-type 93ms (from cache)
127 silly pacote tag manifest for @types/connect-history-api-fallback@ts3.6 fetched in 120ms
128 silly pacote tag manifest for @types/content-type@ts3.6 fetched in 102ms
129 http fetch GET 304 https://registry.npmjs.org/@types%2fconvert-source-map 95ms (from cache)
130 silly pacote tag manifest for @types/convert-source-map@ts3.6 fetched in 109ms
131 http fetch GET 304 https://registry.npmjs.org/@types%2fcookie 117ms (from cache)
132 http fetch GET 304 https://registry.npmjs.org/@types%2fcookie-signature 90ms (from cache)
133 silly pacote tag manifest for @types/cookie@ts3.6 fetched in 126ms
134 silly pacote tag manifest for @types/cookie-signature@ts3.6 fetched in 95ms
135 http fetch GET 304 https://registry.npmjs.org/@types%2fcore-js 107ms (from cache)
136 silly pacote tag manifest for @types/core-js@ts3.6 fetched in 110ms
137 http fetch GET 304 https://registry.npmjs.org/@types%2fcreate-hmac 65ms (from cache)
138 silly pacote tag manifest for @types/create-hmac@ts3.6 fetched in 69ms
139 http fetch GET 304 https://registry.npmjs.org/@types%2fcreate-hash 92ms (from cache)
140 silly pacote tag manifest for @types/create-hash@ts3.6 fetched in 100ms
141 http fetch GET 304 https://registry.npmjs.org/@types%2fcross-spawn 81ms (from cache)
142 silly pacote tag manifest for @types/cross-spawn@ts3.6 fetched in 86ms
143 http fetch GET 304 https://registry.npmjs.org/@types%2fenzyme 2233ms (from cache)
144 http fetch GET 304 https://registry.npmjs.org/@types%2fcss 96ms (from cache)
145 silly pacote tag manifest for @types/enzyme@ts3.6 fetched in 2239ms
146 silly pacote tag manifest for @types/css@ts3.6 fetched in 100ms
147 http fetch GET 304 https://registry.npmjs.org/@types%2fcss-declaration-sorter 92ms (from cache)
148 http fetch GET 304 https://registry.npmjs.org/@types%2fstyled-components 2278ms (from cache)
149 silly pacote tag manifest for @types/css-declaration-sorter@ts3.6 fetched in 100ms
150 silly pacote tag manifest for @types/styled-components@ts3.6 fetched in 2286ms
151 http fetch GET 304 https://registry.npmjs.org/@types%2fcss-to-react-native 94ms (from cache)
152 silly pacote tag manifest for @types/css-to-react-native@ts3.6 fetched in 112ms
153 http fetch GET 304 https://registry.npmjs.org/@types%2fcss-tree 143ms (from cache)
154 http fetch GET 304 https://registry.npmjs.org/@types%2fcssesc 108ms (from cache)
155 http fetch GET 304 https://registry.npmjs.org/@types%2fcraco__craco 2357ms (from cache)
156 silly registry:manifest no matching version for @types/craco__craco@ts3.6 in the cache. Forcing revalidation.
157 http fetch GET 304 https://registry.npmjs.org/@types%2fcss.escape 116ms (from cache)
158 silly registry:manifest no matching version for @types/css.escape@ts3.6 in the cache. Forcing revalidation.
159 silly pacote tag manifest for @types/css-tree@ts3.6 fetched in 153ms
160 silly pacote tag manifest for @types/cssesc@ts3.6 fetched in 122ms
161 http fetch GET 304 https://registry.npmjs.org/@types%2fcssom 99ms (from cache)
162 http fetch GET 304 https://registry.npmjs.org/@types%2fcsso 104ms (from cache)
163 silly pacote tag manifest for @types/cssom@ts3.6 fetched in 103ms
164 silly pacote tag manifest for @types/csso@ts3.6 fetched in 111ms
165 http fetch GET 304 https://registry.npmjs.org/@types%2fcssstyle 119ms (from cache)
166 http fetch GET 200 https://registry.npmjs.org/@types%2fcss.escape 75ms
167 silly fetchPackageMetaData error for @types/css.escape@ts3.6 No matching version found for @types/css.escape@ts3.6.
168 silly pacote tag manifest for @types/cssstyle@ts3.6 fetched in 128ms
169 http fetch GET 304 https://registry.npmjs.org/@types%2fdamerau-levenshtein 77ms (from cache)
170 silly pacote tag manifest for @types/damerau-levenshtein@ts3.6 fetched in 84ms
171 http fetch GET 304 https://registry.npmjs.org/@types%2fd 114ms (from cache)
172 silly pacote tag manifest for @types/d@ts3.6 fetched in 118ms
173 http fetch GET 304 https://registry.npmjs.org/@types%2fdashdash 98ms (from cache)
174 silly pacote tag manifest for @types/dashdash@ts3.6 fetched in 103ms
175 http fetch GET 304 https://registry.npmjs.org/@types%2fdecode-uri-component 115ms (from cache)
176 http fetch GET 304 https://registry.npmjs.org/@types%2fdebug 120ms (from cache)
177 http fetch GET 304 https://registry.npmjs.org/@types%2fdedent 110ms (from cache)
178 silly pacote tag manifest for @types/decode-uri-component@ts3.6 fetched in 128ms
179 silly pacote tag manifest for @types/debug@ts3.6 fetched in 135ms
180 silly pacote tag manifest for @types/dedent@ts3.6 fetched in 123ms
181 http fetch GET 304 https://registry.npmjs.org/@types%2fdata-urls 197ms (from cache)
182 silly pacote tag manifest for @types/data-urls@ts3.6 fetched in 200ms
183 http fetch GET 304 https://registry.npmjs.org/@types%2fdefault-gateway 102ms (from cache)
184 http fetch GET 304 https://registry.npmjs.org/@types%2fdeep-equal 127ms (from cache)
185 silly pacote tag manifest for @types/default-gateway@ts3.6 fetched in 109ms
186 silly pacote tag manifest for @types/deep-equal@ts3.6 fetched in 134ms
187 http fetch GET 304 https://registry.npmjs.org/@types%2fdefine-properties 75ms (from cache)
188 silly pacote tag manifest for @types/define-properties@ts3.6 fetched in 79ms
189 http fetch GET 304 https://registry.npmjs.org/@types%2fdetect-node 92ms (from cache)
190 http fetch GET 304 https://registry.npmjs.org/@types%2fdepd 129ms (from cache)
191 silly pacote tag manifest for @types/detect-node@ts3.6 fetched in 99ms
192 silly pacote tag manifest for @types/depd@ts3.6 fetched in 137ms
193 http fetch GET 304 https://registry.npmjs.org/@types%2fdestroy 119ms (from cache)
194 silly pacote tag manifest for @types/destroy@ts3.6 fetched in 123ms
195 http fetch GET 304 https://registry.npmjs.org/@types%2fdiffie-hellman 118ms (from cache)
196 silly pacote tag manifest for @types/diffie-hellman@ts3.6 fetched in 130ms
197 http fetch GET 304 https://registry.npmjs.org/@types%2fdir-glob 103ms (from cache)
198 silly pacote tag manifest for @types/dir-glob@ts3.6 fetched in 106ms
199 http fetch GET 304 https://registry.npmjs.org/@types%2fdns-packet 62ms (from cache)
200 silly pacote tag manifest for @types/dns-packet@ts3.6 fetched in 66ms
201 http fetch GET 304 https://registry.npmjs.org/@types%2fdns-txt 87ms (from cache)
202 silly registry:manifest no matching version for @types/dns-txt@ts3.6 in the cache. Forcing revalidation.
203 http fetch GET 304 https://registry.npmjs.org/@types%2fdoctrine 71ms (from cache)
204 silly pacote tag manifest for @types/doctrine@ts3.6 fetched in 77ms
205 http fetch GET 304 https://registry.npmjs.org/@types%2fdomexception 77ms (from cache)
206 silly pacote tag manifest for @types/domexception@ts3.6 fetched in 79ms
207 http fetch GET 200 https://registry.npmjs.org/@types%2fdns-txt 57ms
208 silly fetchPackageMetaData error for @types/dns-txt@ts3.6 No matching version found for @types/dns-txt@ts3.6.
209 http fetch GET 304 https://registry.npmjs.org/@types%2fduplexify 119ms (from cache)
210 silly pacote tag manifest for @types/duplexify@ts3.6 fetched in 123ms
211 http fetch GET 304 https://registry.npmjs.org/@types%2fee-first 94ms (from cache)
212 http fetch GET 304 https://registry.npmjs.org/@types%2fejs 77ms (from cache)
213 silly pacote tag manifest for @types/ee-first@ts3.6 fetched in 100ms
214 silly pacote tag manifest for @types/ejs@ts3.6 fetched in 84ms
215 http fetch GET 304 https://registry.npmjs.org/@types%2felliptic 68ms (from cache)
216 silly pacote tag manifest for @types/elliptic@ts3.6 fetched in 72ms
217 http fetch GET 304 https://registry.npmjs.org/@types%2fencodeurl 65ms (from cache)
218 silly pacote tag manifest for @types/encodeurl@ts3.6 fetched in 67ms
219 http fetch GET 304 https://registry.npmjs.org/@types%2fes-abstract 68ms (from cache)
220 silly pacote tag manifest for @types/es-abstract@ts3.6 fetched in 70ms
221 http fetch GET 304 https://registry.npmjs.org/@types%2fend-of-stream 77ms (from cache)
222 silly pacote tag manifest for @types/end-of-stream@ts3.6 fetched in 80ms
223 http fetch GET 304 https://registry.npmjs.org/@types%2fescape-html 63ms (from cache)
224 silly pacote tag manifest for @types/escape-html@ts3.6 fetched in 68ms
225 http fetch GET 304 https://registry.npmjs.org/@types%2fes-to-primitive 107ms (from cache)
226 silly pacote tag manifest for @types/es-to-primitive@ts3.6 fetched in 112ms
227 http fetch GET 304 https://registry.npmjs.org/@types%2fescodegen 85ms (from cache)
228 http fetch GET 304 https://registry.npmjs.org/@types%2feslint 83ms (from cache)
229 silly pacote tag manifest for @types/escodegen@ts3.6 fetched in 93ms
230 silly pacote tag manifest for @types/eslint@ts3.6 fetched in 89ms
231 http fetch GET 304 https://registry.npmjs.org/@types%2feslint-scope 65ms (from cache)
232 silly pacote tag manifest for @types/eslint-scope@ts3.6 fetched in 67ms
233 http fetch GET 304 https://registry.npmjs.org/@types%2feslint-utils 65ms (from cache)
234 silly pacote tag manifest for @types/eslint-utils@ts3.6 fetched in 68ms
235 http fetch GET 304 https://registry.npmjs.org/@types%2fesprima 73ms (from cache)
236 silly pacote tag manifest for @types/esprima@ts3.6 fetched in 77ms
237 http fetch GET 304 https://registry.npmjs.org/@types%2fesquery 90ms (from cache)
238 silly pacote tag manifest for @types/esquery@ts3.6 fetched in 94ms
239 http fetch GET 304 https://registry.npmjs.org/@types%2festraverse 96ms (from cache)
240 silly pacote tag manifest for @types/estraverse@ts3.6 fetched in 98ms
241 http fetch GET 304 https://registry.npmjs.org/@types%2fchardet 2002ms (from cache)
242 http fetch GET 304 https://registry.npmjs.org/@types%2fesutils 81ms (from cache)
243 silly pacote tag manifest for @types/chardet@ts3.6 fetched in 2006ms
244 silly pacote tag manifest for @types/esutils@ts3.6 fetched in 87ms
245 http fetch GET 304 https://registry.npmjs.org/@types%2fetag 75ms (from cache)
246 silly pacote tag manifest for @types/etag@ts3.6 fetched in 77ms
247 http fetch GET 304 https://registry.npmjs.org/@types%2fevents 80ms (from cache)
248 silly pacote tag manifest for @types/events@ts3.6 fetched in 84ms
249 http fetch GET 304 https://registry.npmjs.org/@types%2feventsource 81ms (from cache)
250 silly pacote tag manifest for @types/eventsource@ts3.6 fetched in 85ms
251 http fetch GET 304 https://registry.npmjs.org/@types%2fexit 79ms (from cache)
252 silly pacote tag manifest for @types/exit@ts3.6 fetched in 85ms
253 http fetch GET 304 https://registry.npmjs.org/@types%2fexpress 93ms (from cache)
254 silly pacote tag manifest for @types/express@ts3.6 fetched in 97ms
255 http fetch GET 304 https://registry.npmjs.org/@types%2fextend 80ms (from cache)
256 silly pacote tag manifest for @types/extend@ts3.6 fetched in 83ms
257 http fetch GET 304 https://registry.npmjs.org/@types%2fcli-spinners 2021ms (from cache)
258 silly pacote tag manifest for @types/cli-spinners@ts3.6 fetched in 2028ms
259 http fetch GET 304 https://registry.npmjs.org/@types%2ffb-watchman 85ms (from cache)
260 http fetch GET 304 https://registry.npmjs.org/@types%2fclone 2048ms (from cache)
261 silly pacote tag manifest for @types/fb-watchman@ts3.6 fetched in 91ms
262 silly pacote tag manifest for @types/clone@ts3.6 fetched in 2057ms
263 http fetch GET 304 https://registry.npmjs.org/@types%2ffast-levenshtein 111ms (from cache)
264 http fetch GET 304 https://registry.npmjs.org/@types%2ffile-entry-cache 94ms (from cache)
265 silly pacote tag manifest for @types/fast-levenshtein@ts3.6 fetched in 121ms
266 silly pacote tag manifest for @types/file-entry-cache@ts3.6 fetched in 99ms
267 http fetch GET 304 https://registry.npmjs.org/@types%2ffile-loader 94ms (from cache)
268 silly pacote tag manifest for @types/file-loader@ts3.6 fetched in 98ms
269 http fetch GET 304 https://registry.npmjs.org/@types%2fextsprintf 180ms (from cache)
270 silly pacote tag manifest for @types/extsprintf@ts3.6 fetched in 183ms
271 http fetch GET 304 https://registry.npmjs.org/@types%2ffill-range 91ms (from cache)
272 silly registry:manifest no matching version for @types/fill-range@ts3.6 in the cache. Forcing revalidation.
273 http fetch GET 304 https://registry.npmjs.org/@types%2ffind-cache-dir 93ms (from cache)
274 http fetch GET 304 https://registry.npmjs.org/@types%2fflush-write-stream 77ms (from cache)
275 silly pacote tag manifest for @types/find-cache-dir@ts3.6 fetched in 99ms
276 silly pacote tag manifest for @types/flush-write-stream@ts3.6 fetched in 83ms
277 http fetch GET 304 https://registry.npmjs.org/@types%2ffollow-redirects 99ms (from cache)
278 silly pacote tag manifest for @types/follow-redirects@ts3.6 fetched in 112ms
279 http fetch GET 200 https://registry.npmjs.org/@types%2ffill-range 84ms
280 silly fetchPackageMetaData error for @types/fill-range@ts3.6 No matching version found for @types/fill-range@ts3.6.
281 http fetch GET 304 https://registry.npmjs.org/@types%2ffinalhandler 157ms (from cache)
282 http fetch GET 304 https://registry.npmjs.org/@types%2fforever-agent 108ms (from cache)
283 silly pacote tag manifest for @types/finalhandler@ts3.6 fetched in 177ms
284 http fetch GET 304 https://registry.npmjs.org/@types%2fflat-cache 164ms (from cache)
285 silly pacote tag manifest for @types/flat-cache@ts3.6 fetched in 177ms
286 silly pacote tag manifest for @types/forever-agent@ts3.6 fetched in 137ms
287 http fetch GET 304 https://registry.npmjs.org/@types%2fforwarded 119ms (from cache)
288 silly pacote tag manifest for @types/forwarded@ts3.6 fetched in 138ms
289 http fetch GET 304 https://registry.npmjs.org/@types%2ffresh 141ms (from cache)
290 silly pacote tag manifest for @types/fresh@ts3.6 fetched in 160ms
291 http fetch GET 304 https://registry.npmjs.org/@types%2ffrom2 138ms (from cache)
292 silly pacote tag manifest for @types/from2@ts3.6 fetched in 151ms
293 http fetch GET 304 https://registry.npmjs.org/@types%2ffs-minipass 120ms (from cache)
294 silly registry:manifest no matching version for @types/fs-minipass@ts3.6 in the cache. Forcing revalidation.
295 http fetch GET 304 https://registry.npmjs.org/@types%2ffunctional-red-black-tree 114ms (from cache)
296 http fetch GET 304 https://registry.npmjs.org/@types%2ffunction-bind 119ms (from cache)
297 silly pacote tag manifest for @types/functional-red-black-tree@ts3.6 fetched in 123ms
298 silly pacote tag manifest for @types/function-bind@ts3.6 fetched in 128ms
299 http fetch GET 304 https://registry.npmjs.org/@types%2fgensync 123ms (from cache)
300 silly registry:manifest no matching version for @types/gensync@ts3.6 in the cache. Forcing revalidation.
301 http fetch GET 304 https://registry.npmjs.org/@types%2ffs-extra 223ms (from cache)
302 http fetch GET 304 https://registry.npmjs.org/@types%2fget-intrinsic 115ms (from cache)
303 silly registry:manifest no matching version for @types/get-intrinsic@ts3.6 in the cache. Forcing revalidation.
304 http fetch GET 304 https://registry.npmjs.org/@types%2fget-value 97ms (from cache)
305 silly pacote tag manifest for @types/fs-extra@ts3.6 fetched in 241ms
306 silly pacote tag manifest for @types/get-value@ts3.6 fetched in 107ms
307 http fetch GET 200 https://registry.npmjs.org/@types%2ffs-minipass 110ms
308 silly fetchPackageMetaData error for @types/fs-minipass@ts3.6 No matching version found for @types/fs-minipass@ts3.6.
309 http fetch GET 304 https://registry.npmjs.org/@types%2fglob 103ms (from cache)
310 silly pacote tag manifest for @types/glob@ts3.6 fetched in 106ms
311 http fetch GET 200 https://registry.npmjs.org/@types%2fgensync 73ms
312 silly fetchPackageMetaData error for @types/gensync@ts3.6 No matching version found for @types/gensync@ts3.6.
313 http fetch GET 304 https://registry.npmjs.org/@types%2fgetpass 129ms (from cache)
314 silly pacote tag manifest for @types/getpass@ts3.6 fetched in 140ms
315 http fetch GET 200 https://registry.npmjs.org/@types%2fget-intrinsic 98ms
316 silly fetchPackageMetaData error for @types/get-intrinsic@ts3.6 No matching version found for @types/get-intrinsic@ts3.6.
317 http fetch GET 304 https://registry.npmjs.org/@types%2fglobal-modules 88ms (from cache)
318 http fetch GET 304 https://registry.npmjs.org/@types%2fglob-parent 102ms (from cache)
319 silly pacote tag manifest for @types/global-modules@ts3.6 fetched in 99ms
320 silly pacote tag manifest for @types/glob-parent@ts3.6 fetched in 110ms
321 http fetch GET 304 https://registry.npmjs.org/@types%2fgopd 88ms (from cache)
322 silly registry:manifest no matching version for @types/gopd@ts3.6 in the cache. Forcing revalidation.
323 http fetch GET 304 https://registry.npmjs.org/@types%2fglobal-prefix 106ms (from cache)
324 silly pacote tag manifest for @types/global-prefix@ts3.6 fetched in 110ms
325 http fetch GET 304 https://registry.npmjs.org/@types%2fgraceful-fs 142ms (from cache)
326 silly pacote tag manifest for @types/graceful-fs@ts3.6 fetched in 144ms
327 http fetch GET 304 https://registry.npmjs.org/@types%2fhas-bigints 116ms (from cache)
328 silly registry:manifest no matching version for @types/has-bigints@ts3.6 in the cache. Forcing revalidation.
329 http fetch GET 200 https://registry.npmjs.org/@types%2fgopd 103ms
330 silly fetchPackageMetaData error for @types/gopd@ts3.6 No matching version found for @types/gopd@ts3.6.
331 http fetch GET 304 https://registry.npmjs.org/@types%2fhas-symbols 127ms (from cache)
332 silly pacote tag manifest for @types/has-symbols@ts3.6 fetched in 136ms
333 http fetch GET 304 https://registry.npmjs.org/@types%2fhe 134ms (from cache)
334 silly pacote tag manifest for @types/he@ts3.6 fetched in 139ms
335 http fetch GET 304 https://registry.npmjs.org/@types%2fhas-values 163ms (from cache)
336 silly registry:manifest no matching version for @types/has-values@ts3.6 in the cache. Forcing revalidation.
337 http fetch GET 200 https://registry.npmjs.org/@types%2fhas-bigints 69ms
338 silly fetchPackageMetaData error for @types/has-bigints@ts3.6 No matching version found for @types/has-bigints@ts3.6.
339 http fetch GET 304 https://registry.npmjs.org/@types%2fhex-color-regex 92ms (from cache)
340 silly pacote tag manifest for @types/hex-color-regex@ts3.6 fetched in 98ms
341 http fetch GET 304 https://registry.npmjs.org/@types%2fhoist-non-react-statics 69ms (from cache)
342 silly pacote tag manifest for @types/hoist-non-react-statics@ts3.6 fetched in 75ms
343 http fetch GET 304 https://registry.npmjs.org/@types%2fhosted-git-info 72ms (from cache)
344 silly pacote tag manifest for @types/hosted-git-info@ts3.6 fetched in 74ms
345 http fetch GET 200 https://registry.npmjs.org/@types%2fhas-values 54ms
346 silly fetchPackageMetaData error for @types/has-values@ts3.6 No matching version found for @types/has-values@ts3.6.
347 http fetch GET 304 https://registry.npmjs.org/@types%2fhtml-encoding-sniffer 75ms (from cache)
348 silly pacote tag manifest for @types/html-encoding-sniffer@ts3.6 fetched in 109ms
349 http fetch GET 304 https://registry.npmjs.org/@types%2fhtml-minifier-terser 129ms (from cache)
350 http fetch GET 304 https://registry.npmjs.org/@types%2fhas 356ms (from cache)
351 http fetch GET 304 https://registry.npmjs.org/@types%2fhtml-escaper 148ms (from cache)
352 http fetch GET 304 https://registry.npmjs.org/@types%2fhttp-errors 120ms (from cache)
353 silly pacote tag manifest for @types/html-minifier-terser@ts3.6 fetched in 139ms
354 silly pacote tag manifest for @types/has@ts3.6 fetched in 364ms
355 http fetch GET 304 https://registry.npmjs.org/@types%2fhttp-proxy 114ms (from cache)
356 silly pacote tag manifest for @types/html-escaper@ts3.6 fetched in 160ms
357 silly pacote tag manifest for @types/http-errors@ts3.6 fetched in 131ms
358 silly pacote tag manifest for @types/http-proxy@ts3.6 fetched in 130ms
359 http fetch GET 304 https://registry.npmjs.org/@types%2ficss-utils 131ms (from cache)
360 silly pacote tag manifest for @types/icss-utils@ts3.6 fetched in 134ms
361 http fetch GET 304 https://registry.npmjs.org/@types%2fiferr 101ms (from cache)
362 silly pacote tag manifest for @types/iferr@ts3.6 fetched in 103ms
363 http fetch GET 304 https://registry.npmjs.org/@types%2fimurmurhash 123ms (from cache)
364 http fetch GET 304 https://registry.npmjs.org/@types%2finherits 119ms (from cache)
365 http fetch GET 304 https://registry.npmjs.org/@types%2fimport-local 129ms (from cache)
366 silly registry:manifest no matching version for @types/import-local@ts3.6 in the cache. Forcing revalidation.
367 http fetch GET 304 https://registry.npmjs.org/@types%2finternal-slot 97ms (from cache)
368 http fetch GET 304 https://registry.npmjs.org/@types%2fini 124ms (from cache)
369 silly pacote tag manifest for @types/imurmurhash@ts3.6 fetched in 132ms
370 silly pacote tag manifest for @types/inherits@ts3.6 fetched in 129ms
371 silly pacote tag manifest for @types/internal-slot@ts3.6 fetched in 113ms
372 silly pacote tag manifest for @types/ini@ts3.6 fetched in 140ms
373 http fetch GET 200 https://registry.npmjs.org/@types%2fcraco__craco 2048ms
374 silly fetchPackageMetaData error for @types/craco__craco@ts3.6 No matching version found for @types/craco__craco@ts3.6.
375 http fetch GET 304 https://registry.npmjs.org/@types%2fip 130ms (from cache)
376 silly pacote tag manifest for @types/ip@ts3.6 fetched in 135ms
377 http fetch GET 200 https://registry.npmjs.org/@types%2fimport-local 70ms
378 silly fetchPackageMetaData error for @types/import-local@ts3.6 No matching version found for @types/import-local@ts3.6.
379 http fetch GET 304 https://registry.npmjs.org/@types%2finquirer 200ms (from cache)
380 silly pacote tag manifest for @types/inquirer@ts3.6 fetched in 206ms
381 http fetch GET 304 https://registry.npmjs.org/@types%2fis-boolean-object 80ms (from cache)
382 silly registry:manifest no matching version for @types/is-boolean-object@ts3.6 in the cache. Forcing revalidation.
383 http fetch GET 304 https://registry.npmjs.org/@types%2fis-arguments 111ms (from cache)
384 http fetch GET 304 https://registry.npmjs.org/@types%2fis-bigint 113ms (from cache)
385 silly registry:manifest no matching version for @types/is-bigint@ts3.6 in the cache. Forcing revalidation.
386 silly pacote tag manifest for @types/is-arguments@ts3.6 fetched in 121ms
387 http fetch GET 304 https://registry.npmjs.org/@types%2fis-callable 113ms (from cache)
388 http fetch GET 304 https://registry.npmjs.org/@types%2fis-core-module 92ms (from cache)
389 silly pacote tag manifest for @types/is-callable@ts3.6 fetched in 117ms
390 silly pacote tag manifest for @types/is-core-module@ts3.6 fetched in 96ms
391 http fetch GET 200 https://registry.npmjs.org/@types%2fis-boolean-object 76ms
392 http fetch GET 304 https://registry.npmjs.org/@types%2fis-buffer 154ms (from cache)
393 silly fetchPackageMetaData error for @types/is-boolean-object@ts3.6 No matching version found for @types/is-boolean-object@ts3.6.
394 http fetch GET 304 https://registry.npmjs.org/@types%2fis-ci 124ms (from cache)
395 silly pacote tag manifest for @types/is-buffer@ts3.6 fetched in 164ms
396 silly pacote tag manifest for @types/is-ci@ts3.6 fetched in 136ms
397 http fetch GET 304 https://registry.npmjs.org/@types%2fis-data-descriptor 114ms (from cache)
398 silly registry:manifest no matching version for @types/is-data-descriptor@ts3.6 in the cache. Forcing revalidation.
399 http fetch GET 200 https://registry.npmjs.org/@types%2fis-bigint 371ms
400 silly fetchPackageMetaData error for @types/is-bigint@ts3.6 No matching version found for @types/is-bigint@ts3.6.
401 http fetch GET 200 https://registry.npmjs.org/@types%2fis-data-descriptor 291ms
402 silly fetchPackageMetaData error for @types/is-data-descriptor@ts3.6 No matching version found for @types/is-data-descriptor@ts3.6.
403 http fetch GET 304 https://registry.npmjs.org/@types%2fis-date-object 389ms (from cache)
404 http fetch GET 304 https://registry.npmjs.org/@types%2fis-string 330ms (from cache)
405 http fetch GET 304 https://registry.npmjs.org/@types%2fis-glob 352ms (from cache)
406 http fetch GET 304 https://registry.npmjs.org/@types%2fis-regex 341ms (from cache)
407 silly registry:manifest no matching version for @types/is-string@ts3.6 in the cache. Forcing revalidation.
408 http fetch GET 304 https://registry.npmjs.org/@types%2fis-number 356ms (from cache)
409 http fetch GET 304 https://registry.npmjs.org/@types%2fdiscontinuous-range 2172ms (from cache)
410 http fetch GET 304 https://registry.npmjs.org/@types%2fis-symbol 330ms (from cache)
411 silly registry:manifest no matching version for @types/is-symbol@ts3.6 in the cache. Forcing revalidation.
412 http fetch GET 304 https://registry.npmjs.org/@types%2fdefaults 2317ms (from cache)
413 silly pacote tag manifest for @types/is-date-object@ts3.6 fetched in 405ms
414 silly pacote tag manifest for @types/is-glob@ts3.6 fetched in 368ms
415 silly pacote tag manifest for @types/is-regex@ts3.6 fetched in 357ms
416 silly pacote tag manifest for @types/is-number@ts3.6 fetched in 368ms
417 silly pacote tag manifest for @types/discontinuous-range@ts3.6 fetched in 2191ms
418 silly pacote tag manifest for @types/defaults@ts3.6 fetched in 2333ms
419 http fetch GET 304 https://registry.npmjs.org/@types%2fis-typedarray 71ms (from cache)
420 silly pacote tag manifest for @types/is-typedarray@ts3.6 fetched in 76ms
421 http fetch GET 200 https://registry.npmjs.org/@types%2fis-string 73ms
422 silly fetchPackageMetaData error for @types/is-string@ts3.6 No matching version found for @types/is-string@ts3.6.
423 http fetch GET 304 https://registry.npmjs.org/@types%2fis-windows 97ms (from cache)
424 silly pacote tag manifest for @types/is-windows@ts3.6 fetched in 108ms
425 http fetch GET 200 https://registry.npmjs.org/@types%2fis-symbol 111ms
426 silly fetchPackageMetaData error for @types/is-symbol@ts3.6 No matching version found for @types/is-symbol@ts3.6.
427 http fetch GET 304 https://registry.npmjs.org/@types%2fisstream 130ms (from cache)
428 http fetch GET 304 https://registry.npmjs.org/@types%2fisarray 139ms (from cache)
429 silly pacote tag manifest for @types/isstream@ts3.6 fetched in 140ms
430 silly pacote tag manifest for @types/isarray@ts3.6 fetched in 149ms
431 http fetch GET 304 https://registry.npmjs.org/@types%2fisexe 148ms (from cache)
432 http fetch GET 304 https://registry.npmjs.org/@types%2fistanbul-lib-coverage 148ms (from cache)
433 http fetch GET 304 https://registry.npmjs.org/@types%2fistanbul-lib-instrument 149ms (from cache)
434 silly pacote tag manifest for @types/isexe@ts3.6 fetched in 162ms
435 silly pacote tag manifest for @types/istanbul-lib-coverage@ts3.6 fetched in 163ms
436 http fetch GET 304 https://registry.npmjs.org/@types%2fistanbul-lib-source-maps 131ms (from cache)
437 http fetch GET 304 https://registry.npmjs.org/@types%2fistanbul-lib-report 162ms (from cache)
438 silly pacote tag manifest for @types/istanbul-lib-instrument@ts3.6 fetched in 168ms
439 silly pacote tag manifest for @types/istanbul-lib-source-maps@ts3.6 fetched in 146ms
440 silly pacote tag manifest for @types/istanbul-lib-report@ts3.6 fetched in 178ms
441 http fetch GET 304 https://registry.npmjs.org/@types%2fistanbul-reports 155ms (from cache)
442 http fetch GET 304 https://registry.npmjs.org/@types%2fjs-yaml 109ms (from cache)
443 silly pacote tag manifest for @types/istanbul-reports@ts3.6 fetched in 161ms
444 silly pacote tag manifest for @types/js-yaml@ts3.6 fetched in 114ms
445 http fetch GET 304 https://registry.npmjs.org/@types%2fjsbn 90ms (from cache)
446 http fetch GET 304 https://registry.npmjs.org/@types%2fjsdom 92ms (from cache)
447 silly pacote tag manifest for @types/jsbn@ts3.6 fetched in 99ms
448 silly pacote tag manifest for @types/jsdom@ts3.6 fetched in 99ms
449 http fetch GET 304 https://registry.npmjs.org/@types%2fjson-parse-better-errors 114ms (from cache)
450 http fetch GET 304 https://registry.npmjs.org/@types%2fjson-stringify-safe 92ms (from cache)
451 silly pacote tag manifest for @types/json-parse-better-errors@ts3.6 fetched in 122ms
452 http fetch GET 304 https://registry.npmjs.org/@types%2fjson-stable-stringify-without-jsonify 101ms (from cache)
453 silly pacote tag manifest for @types/json-stringify-safe@ts3.6 fetched in 101ms
454 silly registry:manifest no matching version for @types/json-stable-stringify-without-jsonify@ts3.6 in the cache. Forcing revalidation.
455 http fetch GET 304 https://registry.npmjs.org/@types%2fjson-schema 120ms (from cache)
456 silly pacote tag manifest for @types/json-schema@ts3.6 fetched in 136ms
457 http fetch GET 304 https://registry.npmjs.org/@types%2fjsesc 153ms (from cache)
458 silly pacote tag manifest for @types/jsesc@ts3.6 fetched in 160ms
459 http fetch GET 304 https://registry.npmjs.org/@types%2fjsonfile 111ms (from cache)
460 http fetch GET 304 https://registry.npmjs.org/@types%2fkind-of 110ms (from cache)
461 silly pacote tag manifest for @types/kind-of@ts3.6 fetched in 115ms
462 silly pacote tag manifest for @types/jsonfile@ts3.6 fetched in 119ms
463 http fetch GET 304 https://registry.npmjs.org/@types%2floader-runner 100ms (from cache)
464 silly pacote tag manifest for @types/loader-runner@ts3.6 fetched in 109ms
465 http fetch GET 304 https://registry.npmjs.org/@types%2flanguage-tags 117ms (from cache)
466 silly registry:manifest no matching version for @types/language-tags@ts3.6 in the cache. Forcing revalidation.
467 http fetch GET 200 https://registry.npmjs.org/@types%2fjson-stable-stringify-without-jsonify 79ms
468 silly fetchPackageMetaData error for @types/json-stable-stringify-without-jsonify@ts3.6 No matching version found for @types/json-stable-stringify-without-jsonify@ts3.6.
469 http fetch GET 304 https://registry.npmjs.org/@types%2floader-utils 90ms (from cache)
470 silly pacote tag manifest for @types/loader-utils@ts3.6 fetched in 93ms
471 http fetch GET 304 https://registry.npmjs.org/@types%2flodash.debounce 71ms (from cache)
472 silly pacote tag manifest for @types/lodash.debounce@ts3.6 fetched in 76ms
473 http fetch GET 304 https://registry.npmjs.org/@types%2flodash 104ms (from cache)
474 silly pacote tag manifest for @types/lodash@ts3.6 fetched in 110ms
475 http fetch GET 200 https://registry.npmjs.org/@types%2flanguage-tags 74ms
476 silly fetchPackageMetaData error for @types/language-tags@ts3.6 No matching version found for @types/language-tags@ts3.6.
477 http fetch GET 304 https://registry.npmjs.org/@types%2flodash.flattendeep 188ms (from cache)
478 silly pacote tag manifest for @types/lodash.flattendeep@ts3.6 fetched in 190ms
479 http fetch GET 304 https://registry.npmjs.org/@types%2fjs-levenshtein 2005ms (from cache)
480 silly pacote tag manifest for @types/js-levenshtein@ts3.6 fetched in 2010ms
481 http fetch GET 304 https://registry.npmjs.org/@types%2flodash.escape 2017ms (from cache)
482 silly pacote tag manifest for @types/lodash.escape@ts3.6 fetched in 2021ms
483 http fetch GET 304 https://registry.npmjs.org/@types%2flodash.isequal 2030ms (from cache)
484 silly pacote tag manifest for @types/lodash.isequal@ts3.6 fetched in 2034ms
485 timing stage:rollbackFailedOptional Completed in 2ms
486 timing stage:runTopLevelLifecycles Completed in 7658ms
487 verbose type tag
488 verbose stack @types/call-bind: No matching version found for @types/call-bind@ts3.6.
488 verbose stack     at pickManifest (/usr/local/lib/node_modules/npm/node_modules/npm-pick-manifest/index.js:122:13)
488 verbose stack     at /usr/local/lib/node_modules/npm/node_modules/pacote/lib/fetchers/registry/manifest.js:43:18
488 verbose stack     at tryCatcher (/usr/local/lib/node_modules/npm/node_modules/bluebird/js/release/util.js:16:23)
488 verbose stack     at Promise._settlePromiseFromHandler (/usr/local/lib/node_modules/npm/node_modules/bluebird/js/release/promise.js:517:31)
488 verbose stack     at Promise._settlePromise (/usr/local/lib/node_modules/npm/node_modules/bluebird/js/release/promise.js:574:18)
488 verbose stack     at Promise._settlePromise0 (/usr/local/lib/node_modules/npm/node_modules/bluebird/js/release/promise.js:619:10)
488 verbose stack     at Promise._settlePromises (/usr/local/lib/node_modules/npm/node_modules/bluebird/js/release/promise.js:699:18)
488 verbose stack     at _drainQueueStep (/usr/local/lib/node_modules/npm/node_modules/bluebird/js/release/async.js:138:12)
488 verbose stack     at _drainQueue (/usr/local/lib/node_modules/npm/node_modules/bluebird/js/release/async.js:131:9)
488 verbose stack     at Async._drainQueues (/usr/local/lib/node_modules/npm/node_modules/bluebird/js/release/async.js:147:5)
488 verbose stack     at Immediate.Async.drainQueues [as _onImmediate] (/usr/local/lib/node_modules/npm/node_modules/bluebird/js/release/async.js:17:14)
488 verbose stack     at processImmediate (internal/timers.js:456:21)
489 verbose cwd /home/theia/.cache/typescript/3.6
490 verbose Linux 5.15.0-43-generic
491 verbose argv "/usr/local/bin/node" "/usr/local/bin/npm" "install" "--ignore-scripts" "@types/craco__craco@ts3.6" "@types/enzyme@ts3.6" "@types/styled-components@ts3.6" "@types/accepts@ts3.6" "@types/argparse@ts3.6" "@types/aria-query@ts3.6" "@types/arr-diff@ts3.6" "@types/arr-union@ts3.6" "@types/array-unique@ts3.6" "@types/array.prototype.flat@ts3.6" "@types/array.prototype.flatmap@ts3.6" "@types/asap@ts3.6" "@types/asn1@ts3.6" "@types/assert@ts3.6" "@types/assert-plus@ts3.6" "@types/async@ts3.6" "@types/atob@ts3.6" "@types/aws4@ts3.6" "@types/babel-plugin-macros@ts3.6" "@types/babel-plugin-syntax-jsx@ts3.6" "@types/babylon@ts3.6" "@types/balanced-match@ts3.6" "@types/big.js@ts3.6" "@types/bluebird@ts3.6" "@types/bn.js@ts3.6" "@types/body-parser@ts3.6" "@types/bonjour@ts3.6" "@types/boolbase@ts3.6" "@types/brace-expansion@ts3.6" "@types/braces@ts3.6" "@types/brorand@ts3.6" "@types/bser@ts3.6" "@types/buffer-from@ts3.6" "@types/buffer-xor@ts3.6" "@types/bytes@ts3.6" "@types/cacache@ts3.6" "@types/call-bind@ts3.6" "@types/caniuse-api@ts3.6" "@types/caniuse-lite@ts3.6" "@types/case-sensitive-paths-webpack-plugin@ts3.6" "@types/caseless@ts3.6" "@types/chardet@ts3.6" "@types/check-types@ts3.6" "@types/chownr@ts3.6" "@types/cipher-base@ts3.6" "@types/clean-css@ts3.6" "@types/cli-spinners@ts3.6" "@types/clone@ts3.6" "@types/co@ts3.6" "@types/color@ts3.6" "@types/color-convert@ts3.6" "@types/color-name@ts3.6" "@types/color-string@ts3.6" "@types/combined-stream@ts3.6" "@types/common-tags@ts3.6" "@types/commondir@ts3.6" "@types/component-emitter@ts3.6" "@types/compose-function@ts3.6" "@types/compressible@ts3.6" "@types/compression@ts3.6" "@types/concat-map@ts3.6" "@types/concat-stream@ts3.6" "@types/confusing-browser-globals@ts3.6" "@types/connect-history-api-fallback@ts3.6" "@types/content-disposition@ts3.6" "@types/content-type@ts3.6" "@types/convert-source-map@ts3.6" "@types/cookie@ts3.6" "@types/cookie-signature@ts3.6" "@types/core-js@ts3.6" "@types/create-hash@ts3.6" "@types/create-hmac@ts3.6" "@types/cross-spawn@ts3.6" "@types/css@ts3.6" "@types/css-declaration-sorter@ts3.6" "@types/css-to-react-native@ts3.6" "@types/css-tree@ts3.6" "@types/css.escape@ts3.6" "@types/cssesc@ts3.6" "@types/csso@ts3.6" "@types/cssom@ts3.6" "@types/cssstyle@ts3.6" "@types/d@ts3.6" "@types/damerau-levenshtein@ts3.6" "@types/dashdash@ts3.6" "@types/data-urls@ts3.6" "@types/debug@ts3.6" "@types/decode-uri-component@ts3.6" "@types/dedent@ts3.6" "@types/deep-equal@ts3.6" "@types/default-gateway@ts3.6" "@types/defaults@ts3.6" "@types/define-properties@ts3.6" "@types/depd@ts3.6" "@types/destroy@ts3.6" "@types/detect-node@ts3.6" "@types/diffie-hellman@ts3.6" "@types/dir-glob@ts3.6" "@types/discontinuous-range@ts3.6" "@types/dns-packet@ts3.6" "@types/dns-txt@ts3.6" "@types/doctrine@ts3.6" "@types/domexception@ts3.6" "@types/duplexify@ts3.6" "@types/ee-first@ts3.6" "@types/ejs@ts3.6" "@types/elliptic@ts3.6" "@types/encodeurl@ts3.6" "@types/end-of-stream@ts3.6" "@types/es-abstract@ts3.6" "@types/es-to-primitive@ts3.6" "@types/escape-html@ts3.6" "@types/escodegen@ts3.6" "@types/eslint@ts3.6" "@types/eslint-scope@ts3.6" "@types/eslint-utils@ts3.6" "@types/esprima@ts3.6" "@types/esquery@ts3.6" "@types/estraverse@ts3.6" "@types/esutils@ts3.6" "@types/etag@ts3.6" "@types/events@ts3.6" "@types/eventsource@ts3.6" "@types/exit@ts3.6" "@types/express@ts3.6" "@types/extend@ts3.6" "@types/extsprintf@ts3.6" "@types/fast-levenshtein@ts3.6" "@types/fb-watchman@ts3.6" "@types/file-entry-cache@ts3.6" "@types/file-loader@ts3.6" "@types/fill-range@ts3.6" "@types/finalhandler@ts3.6" "@types/find-cache-dir@ts3.6" "@types/flat-cache@ts3.6" "@types/flush-write-stream@ts3.6" "@types/follow-redirects@ts3.6" "@types/forever-agent@ts3.6" "@types/forwarded@ts3.6" "@types/fresh@ts3.6" "@types/from2@ts3.6" "@types/fs-extra@ts3.6" "@types/fs-minipass@ts3.6" "@types/function-bind@ts3.6" "@types/functional-red-black-tree@ts3.6" "@types/gensync@ts3.6" "@types/get-intrinsic@ts3.6" "@types/get-value@ts3.6" "@types/getpass@ts3.6" "@types/glob@ts3.6" "@types/glob-parent@ts3.6" "@types/global-modules@ts3.6" "@types/global-prefix@ts3.6" "@types/gopd@ts3.6" "@types/graceful-fs@ts3.6" "@types/has@ts3.6" "@types/has-bigints@ts3.6" "@types/has-symbols@ts3.6" "@types/has-values@ts3.6" "@types/he@ts3.6" "@types/hex-color-regex@ts3.6" "@types/hoist-non-react-statics@ts3.6" "@types/hosted-git-info@ts3.6" "@types/html-encoding-sniffer@ts3.6" "@types/html-escaper@ts3.6" "@types/html-minifier-terser@ts3.6" "@types/http-errors@ts3.6" "@types/http-proxy@ts3.6" "@types/icss-utils@ts3.6" "@types/iferr@ts3.6" "@types/import-local@ts3.6" "@types/imurmurhash@ts3.6" "@types/inherits@ts3.6" "@types/ini@ts3.6" "@types/inquirer@ts3.6" "@types/internal-slot@ts3.6" "@types/ip@ts3.6" "@types/is-arguments@ts3.6" "@types/is-bigint@ts3.6" "@types/is-boolean-object@ts3.6" "@types/is-buffer@ts3.6" "@types/is-callable@ts3.6" "@types/is-ci@ts3.6" "@types/is-core-module@ts3.6" "@types/is-data-descriptor@ts3.6" "@types/is-date-object@ts3.6" "@types/is-glob@ts3.6" "@types/is-number@ts3.6" "@types/is-regex@ts3.6" "@types/is-string@ts3.6" "@types/is-symbol@ts3.6" "@types/is-typedarray@ts3.6" "@types/is-windows@ts3.6" "@types/isarray@ts3.6" "@types/isexe@ts3.6" "@types/isstream@ts3.6" "@types/istanbul-lib-coverage@ts3.6" "@types/istanbul-lib-instrument@ts3.6" "@types/istanbul-lib-report@ts3.6" "@types/istanbul-lib-source-maps@ts3.6" "@types/istanbul-reports@ts3.6" "@types/js-levenshtein@ts3.6" "@types/js-yaml@ts3.6" "@types/jsbn@ts3.6" "@types/jsdom@ts3.6" "@types/jsesc@ts3.6" "@types/json-parse-better-errors@ts3.6" "@types/json-schema@ts3.6" "@types/json-stable-stringify-without-jsonify@ts3.6" "@types/json-stringify-safe@ts3.6" "@types/jsonfile@ts3.6" "@types/kind-of@ts3.6" "@types/language-tags@ts3.6" "@types/loader-runner@ts3.6" "@types/loader-utils@ts3.6" "@types/lodash@ts3.6" "@types/lodash.debounce@ts3.6" "@types/lodash.escape@ts3.6" "@types/lodash.flattendeep@ts3.6" "@types/lodash.isequal@ts3.6" "--save-dev" "--user-agent=typesInstaller/3.6.3"
492 verbose node v12.18.3
493 verbose npm  v6.14.6
494 error code ETARGET
495 error notarget No matching version found for @types/call-bind@ts3.6.
496 error notarget In most cases you or one of your dependencies are requesting
496 error notarget a package version that doesn't exist.
497 verbose exit [ 1, true ]
