0 info it worked if it ends with ok
1 verbose cli [
1 verbose cli   '/usr/local/bin/node',
1 verbose cli   '/usr/local/bin/npm',
1 verbose cli   'install',
1 verbose cli   '--ignore-scripts',
1 verbose cli   '@types/lodash.memoize@ts3.6',
1 verbose cli   '@types/lodash.merge@ts3.6',
1 verbose cli   '@types/lodash.template@ts3.6',
1 verbose cli   '@types/lodash.truncate@ts3.6',
1 verbose cli   '@types/lodash.uniq@ts3.6',
1 verbose cli   '@types/lz-string@ts3.6',
1 verbose cli   '@types/media-typer@ts3.6',
1 verbose cli   '@types/memory-fs@ts3.6',
1 verbose cli   '@types/memorystream@ts3.6',
1 verbose cli   '@types/merge-descriptors@ts3.6',
1 verbose cli   '@types/merge-stream@ts3.6',
1 verbose cli   '@types/merge2@ts3.6',
1 verbose cli   '@types/methods@ts3.6',
1 verbose cli   '@types/micromatch@ts3.6',
1 verbose cli   '@types/mime@ts3.6',
1 verbose cli   '@types/mime-db@ts3.6',
1 verbose cli   '@types/mime-types@ts3.6',
1 verbose cli   '@types/min-indent@ts3.6',
1 verbose cli   '@types/minimalistic-assert@ts3.6',
1 verbose cli   '@types/minimatch@ts3.6',
1 verbose cli   '@types/minimist@ts3.6',
1 verbose cli   '@types/minizlib@ts3.6',
1 verbose cli   '@types/mkdirp@ts3.6',
1 verbose cli   '@types/moo@ts3.6',
1 verbose cli   '@types/move-concurrently@ts3.6',
1 verbose cli   '@types/ms@ts3.6',
1 verbose cli   '@types/multicast-dns@ts3.6',
1 verbose cli   '@types/mute-stream@ts3.6',
1 verbose cli   '@types/natural-compare@ts3.6',
1 verbose cli   '@types/nearley@ts3.6',
1 verbose cli   '@types/negotiator@ts3.6',
1 verbose cli   '@types/next-tick@ts3.6',
1 verbose cli   '@types/nice-try@ts3.6',
1 verbose cli   '@types/node-fetch@ts3.6',
1 verbose cli   '@types/node-forge@ts3.6',
1 verbose cli   '@types/node-int64@ts3.6',
1 verbose cli   '@types/node-notifier@ts3.6',
1 verbose cli   '@types/normalize-package-data@ts3.6',
1 verbose cli   '@types/normalize-path@ts3.6',
1 verbose cli   '@types/num2fraction@ts3.6',
1 verbose cli   '@types/nwsapi@ts3.6',
1 verbose cli   '@types/object-assign@ts3.6',
1 verbose cli   '@types/object-inspect@ts3.6',
1 verbose cli   '@types/object-keys@ts3.6',
1 verbose cli   '@types/object.fromentries@ts3.6',
1 verbose cli   '@types/object.getownpropertydescriptors@ts3.6',
1 verbose cli   '@types/object.pick@ts3.6',
1 verbose cli   '@types/on-finished@ts3.6',
1 verbose cli   '@types/on-headers@ts3.6',
1 verbose cli   '@types/once@ts3.6',
1 verbose cli   '@types/optimize-css-assets-webpack-plugin@ts3.6',
1 verbose cli   '@types/os-tmpdir@ts3.6',
1 verbose cli   '@types/pako@ts3.6',
1 verbose cli   '@types/parallel-transform@ts3.6',
1 verbose cli   '@types/parse-json@ts3.6',
1 verbose cli   '@types/parseurl@ts3.6',
1 verbose cli   '@types/pascalcase@ts3.6',
1 verbose cli   '@types/path-browserify@ts3.6',
1 verbose cli   '@types/path-is-absolute@ts3.6',
1 verbose cli   '@types/path-is-inside@ts3.6',
1 verbose cli   '@types/path-parse@ts3.6',
1 verbose cli   '@types/pbkdf2@ts3.6',
1 verbose cli   '@types/picomatch@ts3.6',
1 verbose cli   '@types/pify@ts3.6',
1 verbose cli   '@types/postcss-flexbugs-fixes@ts3.6',
1 verbose cli   '@types/postcss-gap-properties@ts3.6',
1 verbose cli   '@types/postcss-modules-extract-imports@ts3.6',
1 verbose cli   '@types/postcss-modules-local-by-default@ts3.6',
1 verbose cli   '@types/postcss-modules-scope@ts3.6',
1 verbose cli   '@types/postcss-modules-values@ts3.6',
1 verbose cli   '@types/postcss-normalize@ts3.6',
1 verbose cli   '@types/postcss-preset-env@ts3.6',
1 verbose cli   '@types/postcss-safe-parser@ts3.6',
1 verbose cli   '@types/prelude-ls@ts3.6',
1 verbose cli   '@types/prettier-linter-helpers@ts3.6',
1 verbose cli   '@types/progress@ts3.6',
1 verbose cli   '@types/promise-inflight@ts3.6',
1 verbose cli   '@types/prompts@ts3.6',
1 verbose cli   '@types/prop-types@ts3.6',
1 verbose cli   '@types/proxy-addr@ts3.6',
1 verbose cli   '@types/psl@ts3.6',
1 verbose cli   '@types/pump@ts3.6',
1 verbose cli   '@types/pumpify@ts3.6',
1 verbose cli   '@types/punycode@ts3.6',
1 verbose cli   '@types/q@ts3.6',
1 verbose cli   '@types/qs@ts3.6',
1 verbose cli   '@types/querystringify@ts3.6',
1 verbose cli   '@types/raf@ts3.6',
1 verbose cli   '@types/randombytes@ts3.6',
1 verbose cli   '@types/range-parser@ts3.6',
1 verbose cli   '@types/react-dev-utils@ts3.6',
1 verbose cli   '@types/react-is@ts3.6',
1 verbose cli   '@types/react-refresh@ts3.6',
1 verbose cli   '@types/react-router@ts3.6',
1 verbose cli   '@types/react-test-renderer@ts3.6',
1 verbose cli   '@types/read@ts3.6',
1 verbose cli   ... 125 more items
1 verbose cli ]
2 info using npm@6.14.6
3 info using node@v12.18.3
4 verbose npm-session 9e93afb77ef63277
5 silly install loadCurrentTree
6 silly install readLocalPackageData
7 http fetch GET 304 https://registry.npmjs.org/@types%2flodash.template 404ms (from cache)
8 http fetch GET 304 https://registry.npmjs.org/@types%2flodash.merge 418ms (from cache)
9 silly pacote tag manifest for @types/lodash.template@ts3.6 fetched in 422ms
10 http fetch GET 304 https://registry.npmjs.org/@types%2fmemory-fs 410ms (from cache)
11 http fetch GET 304 https://registry.npmjs.org/@types%2flodash.uniq 426ms (from cache)
12 silly pacote tag manifest for @types/lodash.merge@ts3.6 fetched in 437ms
13 http fetch GET 304 https://registry.npmjs.org/@types%2fmerge-descriptors 418ms (from cache)
14 http fetch GET 304 https://registry.npmjs.org/@types%2fmemorystream 425ms (from cache)
15 silly pacote tag manifest for @types/memory-fs@ts3.6 fetched in 434ms
16 silly pacote tag manifest for @types/lodash.uniq@ts3.6 fetched in 456ms
17 http fetch GET 304 https://registry.npmjs.org/@types%2flz-string 453ms (from cache)
18 silly pacote tag manifest for @types/merge-descriptors@ts3.6 fetched in 440ms
19 silly pacote tag manifest for @types/memorystream@ts3.6 fetched in 451ms
20 http fetch GET 304 https://registry.npmjs.org/@types%2flodash.memoize 484ms (from cache)
21 http fetch GET 304 https://registry.npmjs.org/@types%2fmedia-typer 462ms (from cache)
22 silly pacote tag manifest for @types/lz-string@ts3.6 fetched in 485ms
23 silly pacote tag manifest for @types/media-typer@ts3.6 fetched in 485ms
24 silly pacote tag manifest for @types/lodash.memoize@ts3.6 fetched in 520ms
25 http fetch GET 304 https://registry.npmjs.org/@types%2flodash.truncate 498ms (from cache)
26 silly pacote tag manifest for @types/lodash.truncate@ts3.6 fetched in 509ms
27 http fetch GET 304 https://registry.npmjs.org/@types%2fmerge-stream 197ms (from cache)
28 http fetch GET 304 https://registry.npmjs.org/@types%2fmerge2 188ms (from cache)
29 http fetch GET 304 https://registry.npmjs.org/@types%2fmethods 171ms (from cache)
30 http fetch GET 304 https://registry.npmjs.org/@types%2fmicromatch 165ms (from cache)
31 silly pacote tag manifest for @types/merge-stream@ts3.6 fetched in 214ms
32 silly pacote tag manifest for @types/merge2@ts3.6 fetched in 204ms
33 http fetch GET 304 https://registry.npmjs.org/@types%2fmime-db 169ms (from cache)
34 silly pacote tag manifest for @types/micromatch@ts3.6 fetched in 179ms
35 silly pacote tag manifest for @types/methods@ts3.6 fetched in 189ms
36 http fetch GET 304 https://registry.npmjs.org/@types%2fmime 186ms (from cache)
37 silly pacote tag manifest for @types/mime-db@ts3.6 fetched in 193ms
38 silly pacote tag manifest for @types/mime@ts3.6 fetched in 218ms
39 http fetch GET 304 https://registry.npmjs.org/@types%2fmin-indent 190ms (from cache)
40 http fetch GET 304 https://registry.npmjs.org/@types%2fmime-types 199ms (from cache)
41 http fetch GET 304 https://registry.npmjs.org/@types%2fminimalistic-assert 194ms (from cache)
42 silly pacote tag manifest for @types/min-indent@ts3.6 fetched in 207ms
43 silly pacote tag manifest for @types/mime-types@ts3.6 fetched in 231ms
44 silly pacote tag manifest for @types/minimalistic-assert@ts3.6 fetched in 233ms
45 http fetch GET 304 https://registry.npmjs.org/@types%2fminimatch 231ms (from cache)
46 silly pacote tag manifest for @types/minimatch@ts3.6 fetched in 253ms
47 http fetch GET 304 https://registry.npmjs.org/@types%2fminimist 145ms (from cache)
48 http fetch GET 304 https://registry.npmjs.org/@types%2fminizlib 146ms (from cache)
49 http fetch GET 304 https://registry.npmjs.org/@types%2fmkdirp 142ms (from cache)
50 silly pacote tag manifest for @types/minimist@ts3.6 fetched in 152ms
51 silly pacote tag manifest for @types/minizlib@ts3.6 fetched in 158ms
52 silly pacote tag manifest for @types/mkdirp@ts3.6 fetched in 156ms
53 http fetch GET 304 https://registry.npmjs.org/@types%2fms 154ms (from cache)
54 http fetch GET 304 https://registry.npmjs.org/@types%2fmulticast-dns 137ms (from cache)
55 silly pacote tag manifest for @types/ms@ts3.6 fetched in 160ms
56 http fetch GET 304 https://registry.npmjs.org/@types%2fmove-concurrently 174ms (from cache)
57 http fetch GET 304 https://registry.npmjs.org/@types%2fnatural-compare 110ms (from cache)
58 silly pacote tag manifest for @types/multicast-dns@ts3.6 fetched in 145ms
59 silly pacote tag manifest for @types/move-concurrently@ts3.6 fetched in 182ms
60 silly pacote tag manifest for @types/natural-compare@ts3.6 fetched in 123ms
61 http fetch GET 304 https://registry.npmjs.org/@types%2fnegotiator 106ms (from cache)
62 http fetch GET 304 https://registry.npmjs.org/@types%2fnice-try 95ms (from cache)
63 silly pacote tag manifest for @types/negotiator@ts3.6 fetched in 111ms
64 silly pacote tag manifest for @types/nice-try@ts3.6 fetched in 105ms
65 http fetch GET 304 https://registry.npmjs.org/@types%2fnext-tick 183ms (from cache)
66 silly pacote tag manifest for @types/next-tick@ts3.6 fetched in 195ms
67 http fetch GET 304 https://registry.npmjs.org/@types%2fnode-notifier 135ms (from cache)
68 http fetch GET 304 https://registry.npmjs.org/@types%2fnode-forge 150ms (from cache)
69 http fetch GET 304 https://registry.npmjs.org/@types%2fnode-int64 150ms (from cache)
70 silly pacote tag manifest for @types/node-notifier@ts3.6 fetched in 152ms
71 http fetch GET 304 https://registry.npmjs.org/@types%2fnode-fetch 174ms (from cache)
72 silly pacote tag manifest for @types/node-forge@ts3.6 fetched in 171ms
73 silly pacote tag manifest for @types/node-int64@ts3.6 fetched in 167ms
74 http fetch GET 304 https://registry.npmjs.org/@types%2fnormalize-package-data 128ms (from cache)
75 silly pacote tag manifest for @types/node-fetch@ts3.6 fetched in 189ms
76 silly pacote tag manifest for @types/normalize-package-data@ts3.6 fetched in 150ms
77 http fetch GET 304 https://registry.npmjs.org/@types%2fnormalize-path 163ms (from cache)
78 silly pacote tag manifest for @types/normalize-path@ts3.6 fetched in 166ms
79 http fetch GET 304 https://registry.npmjs.org/@types%2fnum2fraction 139ms (from cache)
80 http fetch GET 304 https://registry.npmjs.org/@types%2fobject-assign 114ms (from cache)
81 silly pacote tag manifest for @types/num2fraction@ts3.6 fetched in 149ms
82 http fetch GET 304 https://registry.npmjs.org/@types%2fnwsapi 127ms (from cache)
83 silly pacote tag manifest for @types/object-assign@ts3.6 fetched in 122ms
84 silly pacote tag manifest for @types/nwsapi@ts3.6 fetched in 136ms
85 http fetch GET 304 https://registry.npmjs.org/@types%2fobject-keys 118ms (from cache)
86 http fetch GET 304 https://registry.npmjs.org/@types%2fobject.fromentries 108ms (from cache)
87 http fetch GET 304 https://registry.npmjs.org/@types%2fobject-inspect 138ms (from cache)
88 silly pacote tag manifest for @types/object-keys@ts3.6 fetched in 130ms
89 silly pacote tag manifest for @types/object.fromentries@ts3.6 fetched in 118ms
90 silly pacote tag manifest for @types/object-inspect@ts3.6 fetched in 150ms
91 http fetch GET 304 https://registry.npmjs.org/@types%2fobject.getownpropertydescriptors 120ms (from cache)
92 silly pacote tag manifest for @types/object.getownpropertydescriptors@ts3.6 fetched in 122ms
93 http fetch GET 304 https://registry.npmjs.org/@types%2fobject.pick 75ms (from cache)
94 silly pacote tag manifest for @types/object.pick@ts3.6 fetched in 79ms
95 http fetch GET 304 https://registry.npmjs.org/@types%2fon-finished 125ms (from cache)
96 http fetch GET 304 https://registry.npmjs.org/@types%2fon-headers 125ms (from cache)
97 silly pacote tag manifest for @types/on-finished@ts3.6 fetched in 136ms
98 http fetch GET 304 https://registry.npmjs.org/@types%2fonce 117ms (from cache)
99 silly pacote tag manifest for @types/on-headers@ts3.6 fetched in 136ms
100 http fetch GET 304 https://registry.npmjs.org/@types%2fpako 104ms (from cache)
101 silly pacote tag manifest for @types/once@ts3.6 fetched in 136ms
102 http fetch GET 304 https://registry.npmjs.org/@types%2foptimize-css-assets-webpack-plugin 141ms (from cache)
103 silly pacote tag manifest for @types/pako@ts3.6 fetched in 121ms
104 silly pacote tag manifest for @types/optimize-css-assets-webpack-plugin@ts3.6 fetched in 153ms
105 http fetch GET 304 https://registry.npmjs.org/@types%2fparallel-transform 113ms (from cache)
106 silly pacote tag manifest for @types/parallel-transform@ts3.6 fetched in 116ms
107 http fetch GET 304 https://registry.npmjs.org/@types%2fparse-json 93ms (from cache)
108 silly pacote tag manifest for @types/parse-json@ts3.6 fetched in 96ms
109 http fetch GET 304 https://registry.npmjs.org/@types%2fos-tmpdir 208ms (from cache)
110 silly pacote tag manifest for @types/os-tmpdir@ts3.6 fetched in 212ms
111 http fetch GET 304 https://registry.npmjs.org/@types%2fpath-is-absolute 119ms (from cache)
112 http fetch GET 304 https://registry.npmjs.org/@types%2fpascalcase 139ms (from cache)
113 silly pacote tag manifest for @types/path-is-absolute@ts3.6 fetched in 125ms
114 http fetch GET 304 https://registry.npmjs.org/@types%2fpath-browserify 131ms (from cache)
115 silly registry:manifest no matching version for @types/path-browserify@ts3.6 in the cache. Forcing revalidation.
116 silly pacote tag manifest for @types/pascalcase@ts3.6 fetched in 151ms
117 http fetch GET 304 https://registry.npmjs.org/@types%2fpath-is-inside 122ms (from cache)
118 http fetch GET 304 https://registry.npmjs.org/@types%2fparseurl 174ms (from cache)
119 silly pacote tag manifest for @types/path-is-inside@ts3.6 fetched in 134ms
120 silly pacote tag manifest for @types/parseurl@ts3.6 fetched in 189ms
121 http fetch GET 304 https://registry.npmjs.org/@types%2fpath-parse 111ms (from cache)
122 silly pacote tag manifest for @types/path-parse@ts3.6 fetched in 116ms
123 http fetch GET 304 https://registry.npmjs.org/@types%2fpbkdf2 112ms (from cache)
124 silly pacote tag manifest for @types/pbkdf2@ts3.6 fetched in 122ms
125 http fetch GET 304 https://registry.npmjs.org/@types%2fpicomatch 79ms (from cache)
126 silly pacote tag manifest for @types/picomatch@ts3.6 fetched in 89ms
127 http fetch GET 304 https://registry.npmjs.org/@types%2fpify 92ms (from cache)
128 silly pacote tag manifest for @types/pify@ts3.6 fetched in 102ms
129 http fetch GET 200 https://registry.npmjs.org/@types%2fpath-browserify 123ms
130 silly fetchPackageMetaData error for @types/path-browserify@ts3.6 No matching version found for @types/path-browserify@ts3.6.
131 http fetch GET 304 https://registry.npmjs.org/@types%2fpostcss-flexbugs-fixes 121ms (from cache)
132 http fetch GET 304 https://registry.npmjs.org/@types%2fpostcss-gap-properties 120ms (from cache)
133 silly pacote tag manifest for @types/postcss-flexbugs-fixes@ts3.6 fetched in 131ms
134 silly pacote tag manifest for @types/postcss-gap-properties@ts3.6 fetched in 130ms
135 http fetch GET 304 https://registry.npmjs.org/@types%2fpostcss-modules-extract-imports 118ms (from cache)
136 silly pacote tag manifest for @types/postcss-modules-extract-imports@ts3.6 fetched in 131ms
137 http fetch GET 304 https://registry.npmjs.org/@types%2fpostcss-modules-local-by-default 126ms (from cache)
138 silly pacote tag manifest for @types/postcss-modules-local-by-default@ts3.6 fetched in 130ms
139 http fetch GET 304 https://registry.npmjs.org/@types%2fpostcss-modules-scope 100ms (from cache)
140 silly pacote tag manifest for @types/postcss-modules-scope@ts3.6 fetched in 105ms
141 http fetch GET 304 https://registry.npmjs.org/@types%2fpostcss-modules-values 89ms (from cache)
142 silly pacote tag manifest for @types/postcss-modules-values@ts3.6 fetched in 92ms
143 http fetch GET 304 https://registry.npmjs.org/@types%2fpostcss-normalize 97ms (from cache)
144 silly pacote tag manifest for @types/postcss-normalize@ts3.6 fetched in 102ms
145 http fetch GET 304 https://registry.npmjs.org/@types%2fprelude-ls 67ms (from cache)
146 silly pacote tag manifest for @types/prelude-ls@ts3.6 fetched in 70ms
147 http fetch GET 304 https://registry.npmjs.org/@types%2fpostcss-preset-env 92ms (from cache)
148 silly registry:manifest no matching version for @types/postcss-preset-env@ts3.6 in the cache. Forcing revalidation.
149 http fetch GET 304 https://registry.npmjs.org/@types%2fpostcss-safe-parser 142ms (from cache)
150 silly pacote tag manifest for @types/postcss-safe-parser@ts3.6 fetched in 151ms
151 http fetch GET 304 https://registry.npmjs.org/@types%2fpromise-inflight 105ms (from cache)
152 http fetch GET 304 https://registry.npmjs.org/@types%2fprettier-linter-helpers 126ms (from cache)
153 http fetch GET 304 https://registry.npmjs.org/@types%2fprogress 121ms (from cache)
154 silly pacote tag manifest for @types/promise-inflight@ts3.6 fetched in 113ms
155 silly pacote tag manifest for @types/prettier-linter-helpers@ts3.6 fetched in 136ms
156 silly pacote tag manifest for @types/progress@ts3.6 fetched in 130ms
157 http fetch GET 304 https://registry.npmjs.org/@types%2fprompts 93ms (from cache)
158 silly pacote tag manifest for @types/prompts@ts3.6 fetched in 111ms
159 http fetch GET 200 https://registry.npmjs.org/@types%2fpostcss-preset-env 115ms
160 silly fetchPackageMetaData error for @types/postcss-preset-env@ts3.6 No matching version found for @types/postcss-preset-env@ts3.6.
161 http fetch GET 304 https://registry.npmjs.org/@types%2fprop-types 127ms (from cache)
162 silly pacote tag manifest for @types/prop-types@ts3.6 fetched in 131ms
163 http fetch GET 304 https://registry.npmjs.org/@types%2fproxy-addr 80ms (from cache)
164 silly pacote tag manifest for @types/proxy-addr@ts3.6 fetched in 82ms
165 http fetch GET 304 https://registry.npmjs.org/@types%2fpsl 101ms (from cache)
166 http fetch GET 304 https://registry.npmjs.org/@types%2fpump 100ms (from cache)
167 silly pacote tag manifest for @types/psl@ts3.6 fetched in 110ms
168 silly pacote tag manifest for @types/pump@ts3.6 fetched in 110ms
169 http fetch GET 304 https://registry.npmjs.org/@types%2fpunycode 90ms (from cache)
170 http fetch GET 304 https://registry.npmjs.org/@types%2fpumpify 115ms (from cache)
171 silly pacote tag manifest for @types/punycode@ts3.6 fetched in 107ms
172 silly pacote tag manifest for @types/pumpify@ts3.6 fetched in 130ms
173 http fetch GET 304 https://registry.npmjs.org/@types%2fq 109ms (from cache)
174 silly pacote tag manifest for @types/q@ts3.6 fetched in 119ms
175 http fetch GET 304 https://registry.npmjs.org/@types%2fquerystringify 97ms (from cache)
176 http fetch GET 304 https://registry.npmjs.org/@types%2fqs 113ms (from cache)
177 silly pacote tag manifest for @types/qs@ts3.6 fetched in 119ms
178 silly pacote tag manifest for @types/querystringify@ts3.6 fetched in 105ms
179 http fetch GET 304 https://registry.npmjs.org/@types%2fraf 93ms (from cache)
180 http fetch GET 304 https://registry.npmjs.org/@types%2frandombytes 91ms (from cache)
181 silly pacote tag manifest for @types/raf@ts3.6 fetched in 98ms
182 silly pacote tag manifest for @types/randombytes@ts3.6 fetched in 95ms
183 http fetch GET 304 https://registry.npmjs.org/@types%2frange-parser 94ms (from cache)
184 silly pacote tag manifest for @types/range-parser@ts3.6 fetched in 100ms
185 http fetch GET 304 https://registry.npmjs.org/@types%2freact-dev-utils 105ms (from cache)
186 silly pacote tag manifest for @types/react-dev-utils@ts3.6 fetched in 109ms
187 http fetch GET 304 https://registry.npmjs.org/@types%2freact-is 95ms (from cache)
188 silly pacote tag manifest for @types/react-is@ts3.6 fetched in 101ms
189 http fetch GET 304 https://registry.npmjs.org/@types%2freact-router 106ms (from cache)
190 silly pacote tag manifest for @types/react-router@ts3.6 fetched in 111ms
191 http fetch GET 304 https://registry.npmjs.org/@types%2freact-refresh 119ms (from cache)
192 silly registry:manifest no matching version for @types/react-refresh@ts3.6 in the cache. Forcing revalidation.
193 http fetch GET 304 https://registry.npmjs.org/@types%2freadable-stream 105ms (from cache)
194 silly pacote tag manifest for @types/readable-stream@ts3.6 fetched in 112ms
195 http fetch GET 304 https://registry.npmjs.org/@types%2fregenerate 95ms (from cache)
196 silly registry:manifest no matching version for @types/regenerate@ts3.6 in the cache. Forcing revalidation.
197 http fetch GET 304 https://registry.npmjs.org/@types%2frecursive-readdir 128ms (from cache)
198 http fetch GET 304 https://registry.npmjs.org/@types%2fregenerator-runtime 91ms (from cache)
199 silly pacote tag manifest for @types/recursive-readdir@ts3.6 fetched in 136ms
200 silly pacote tag manifest for @types/regenerator-runtime@ts3.6 fetched in 97ms
201 http fetch GET 304 https://registry.npmjs.org/@types%2freact-test-renderer 211ms (from cache)
202 http fetch GET 200 https://registry.npmjs.org/@types%2freact-refresh 132ms
203 silly fetchPackageMetaData error for @types/react-refresh@ts3.6 No matching version found for @types/react-refresh@ts3.6.
204 silly pacote tag manifest for @types/react-test-renderer@ts3.6 fetched in 227ms
205 http fetch GET 200 https://registry.npmjs.org/@types%2fregenerate 94ms
206 silly fetchPackageMetaData error for @types/regenerate@ts3.6 No matching version found for @types/regenerate@ts3.6.
207 http fetch GET 304 https://registry.npmjs.org/@types%2fregex-not 114ms (from cache)
208 silly registry:manifest no matching version for @types/regex-not@ts3.6 in the cache. Forcing revalidation.
209 http fetch GET 304 https://registry.npmjs.org/@types%2frelateurl 101ms (from cache)
210 silly pacote tag manifest for @types/relateurl@ts3.6 fetched in 105ms
211 http fetch GET 304 https://registry.npmjs.org/@types%2frepeat-element 110ms (from cache)
212 silly pacote tag manifest for @types/repeat-element@ts3.6 fetched in 112ms
213 http fetch GET 200 https://registry.npmjs.org/@types%2fregex-not 87ms
214 silly fetchPackageMetaData error for @types/regex-not@ts3.6 No matching version found for @types/regex-not@ts3.6.
215 http fetch GET 304 https://registry.npmjs.org/@types%2frequire-directory 105ms (from cache)
216 http fetch GET 304 https://registry.npmjs.org/@types%2frepeat-string 135ms (from cache)
217 silly pacote tag manifest for @types/require-directory@ts3.6 fetched in 112ms
218 silly pacote tag manifest for @types/repeat-string@ts3.6 fetched in 142ms
219 http fetch GET 304 https://registry.npmjs.org/@types%2frequest 144ms (from cache)
220 silly pacote tag manifest for @types/request@ts3.6 fetched in 155ms
221 http fetch GET 304 https://registry.npmjs.org/@types%2frequires-port 103ms (from cache)
222 silly pacote tag manifest for @types/requires-port@ts3.6 fetched in 108ms
223 http fetch GET 304 https://registry.npmjs.org/@types%2frequire-from-string 128ms (from cache)
224 silly pacote tag manifest for @types/require-from-string@ts3.6 fetched in 132ms
225 http fetch GET 304 https://registry.npmjs.org/@types%2fresolve 83ms (from cache)
226 silly pacote tag manifest for @types/resolve@ts3.6 fetched in 91ms
227 http fetch GET 304 https://registry.npmjs.org/@types%2fretry 102ms (from cache)
228 http fetch GET 304 https://registry.npmjs.org/@types%2frimraf 108ms (from cache)
229 silly pacote tag manifest for @types/retry@ts3.6 fetched in 125ms
230 silly pacote tag manifest for @types/rimraf@ts3.6 fetched in 122ms
231 http fetch GET 304 https://registry.npmjs.org/@types%2fripemd160 132ms (from cache)
232 http fetch GET 304 https://registry.npmjs.org/@types%2frsvp 126ms (from cache)
233 http fetch GET 304 https://registry.npmjs.org/@types%2frun-parallel 115ms (from cache)
234 silly pacote tag manifest for @types/ripemd160@ts3.6 fetched in 143ms
235 silly pacote tag manifest for @types/rsvp@ts3.6 fetched in 133ms
236 silly pacote tag manifest for @types/run-parallel@ts3.6 fetched in 122ms
237 http fetch GET 304 https://registry.npmjs.org/@types%2fsafe-regex 98ms (from cache)
238 silly pacote tag manifest for @types/safe-regex@ts3.6 fetched in 108ms
239 http fetch GET 304 https://registry.npmjs.org/@types%2fsafer-buffer 67ms (from cache)
240 silly pacote tag manifest for @types/safer-buffer@ts3.6 fetched in 71ms
241 http fetch GET 304 https://registry.npmjs.org/@types%2fsafe-regex-test 106ms (from cache)
242 silly registry:manifest no matching version for @types/safe-regex-test@ts3.6 in the cache. Forcing revalidation.
243 http fetch GET 304 https://registry.npmjs.org/@types%2fsane 80ms (from cache)
244 silly pacote tag manifest for @types/sane@ts3.6 fetched in 88ms
245 http fetch GET 304 https://registry.npmjs.org/@types%2fsass-loader 114ms (from cache)
246 silly pacote tag manifest for @types/sass-loader@ts3.6 fetched in 124ms
247 http fetch GET 304 https://registry.npmjs.org/@types%2fselfsigned 104ms (from cache)
248 http fetch GET 304 https://registry.npmjs.org/@types%2fscheduler 125ms (from cache)
249 silly registry:manifest no matching version for @types/selfsigned@ts3.6 in the cache. Forcing revalidation.
250 http fetch GET 304 https://registry.npmjs.org/@types%2fsax 143ms (from cache)
251 silly pacote tag manifest for @types/scheduler@ts3.6 fetched in 142ms
252 http fetch GET 200 https://registry.npmjs.org/@types%2fsafe-regex-test 87ms
253 silly pacote tag manifest for @types/sax@ts3.6 fetched in 162ms
254 silly fetchPackageMetaData error for @types/safe-regex-test@ts3.6 No matching version found for @types/safe-regex-test@ts3.6.
255 http fetch GET 304 https://registry.npmjs.org/@types%2fmoo 2064ms (from cache)
256 silly pacote tag manifest for @types/moo@ts3.6 fetched in 2069ms
257 http fetch GET 304 https://registry.npmjs.org/@types%2fsemver 126ms (from cache)
258 silly pacote tag manifest for @types/semver@ts3.6 fetched in 135ms
259 http fetch GET 304 https://registry.npmjs.org/@types%2fsemver-compare 99ms (from cache)
260 http fetch GET 304 https://registry.npmjs.org/@types%2fmute-stream 2015ms (from cache)
261 silly pacote tag manifest for @types/semver-compare@ts3.6 fetched in 108ms
262 silly pacote tag manifest for @types/mute-stream@ts3.6 fetched in 2026ms
263 http fetch GET 200 https://registry.npmjs.org/@types%2fselfsigned 100ms
264 silly fetchPackageMetaData error for @types/selfsigned@ts3.6 No matching version found for @types/selfsigned@ts3.6.
265 http fetch GET 304 https://registry.npmjs.org/@types%2fnearley 2027ms (from cache)
266 silly pacote tag manifest for @types/nearley@ts3.6 fetched in 2035ms
267 http fetch GET 304 https://registry.npmjs.org/@types%2fsend 136ms (from cache)
268 http fetch GET 304 https://registry.npmjs.org/@types%2fserve-index 133ms (from cache)
269 http fetch GET 304 https://registry.npmjs.org/@types%2fserialize-javascript 141ms (from cache)
270 silly pacote tag manifest for @types/send@ts3.6 fetched in 149ms
271 silly pacote tag manifest for @types/serve-index@ts3.6 fetched in 144ms
272 http fetch GET 304 https://registry.npmjs.org/@types%2fserve-static 122ms (from cache)
273 silly pacote tag manifest for @types/serialize-javascript@ts3.6 fetched in 158ms
274 silly pacote tag manifest for @types/serve-static@ts3.6 fetched in 135ms
275 http fetch GET 304 https://registry.npmjs.org/@types%2fset-blocking 127ms (from cache)
276 silly registry:manifest no matching version for @types/set-blocking@ts3.6 in the cache. Forcing revalidation.
277 http fetch GET 304 https://registry.npmjs.org/@types%2fsetimmediate 105ms (from cache)
278 http fetch GET 304 https://registry.npmjs.org/@types%2fset-value 123ms (from cache)
279 silly pacote tag manifest for @types/setimmediate@ts3.6 fetched in 117ms
280 silly pacote tag manifest for @types/set-value@ts3.6 fetched in 128ms
281 http fetch GET 304 https://registry.npmjs.org/@types%2fsha.js 128ms (from cache)
282 http fetch GET 304 https://registry.npmjs.org/@types%2fshebang-command 96ms (from cache)
283 silly pacote tag manifest for @types/sha.js@ts3.6 fetched in 133ms
284 silly pacote tag manifest for @types/shebang-command@ts3.6 fetched in 105ms
285 http fetch GET 304 https://registry.npmjs.org/@types%2fsignal-exit 85ms (from cache)
286 http fetch GET 304 https://registry.npmjs.org/@types%2fshallowequal 117ms (from cache)
287 http fetch GET 304 https://registry.npmjs.org/@types%2fshell-quote 106ms (from cache)
288 silly pacote tag manifest for @types/signal-exit@ts3.6 fetched in 95ms
289 silly pacote tag manifest for @types/shallowequal@ts3.6 fetched in 133ms
290 silly pacote tag manifest for @types/shell-quote@ts3.6 fetched in 125ms
291 http fetch GET 304 https://registry.npmjs.org/@types%2fset-cookie-parser 234ms (from cache)
292 http fetch GET 200 https://registry.npmjs.org/@types%2fset-blocking 121ms
293 silly fetchPackageMetaData error for @types/set-blocking@ts3.6 No matching version found for @types/set-blocking@ts3.6.
294 http fetch GET 304 https://registry.npmjs.org/@types%2fsimple-swizzle 112ms (from cache)
295 silly pacote tag manifest for @types/set-cookie-parser@ts3.6 fetched in 243ms
296 silly registry:manifest no matching version for @types/simple-swizzle@ts3.6 in the cache. Forcing revalidation.
297 http fetch GET 304 https://registry.npmjs.org/@types%2fslice-ansi 123ms (from cache)
298 silly pacote tag manifest for @types/slice-ansi@ts3.6 fetched in 126ms
299 http fetch GET 304 https://registry.npmjs.org/@types%2fsockjs 95ms (from cache)
300 silly pacote tag manifest for @types/sockjs@ts3.6 fetched in 98ms
301 http fetch GET 304 https://registry.npmjs.org/@types%2fspdx-correct 81ms (from cache)
302 http fetch GET 304 https://registry.npmjs.org/@types%2fsockjs-client 110ms (from cache)
303 silly pacote tag manifest for @types/spdx-correct@ts3.6 fetched in 89ms
304 silly pacote tag manifest for @types/sockjs-client@ts3.6 fetched in 122ms
305 http fetch GET 304 https://registry.npmjs.org/@types%2fsource-map-support 112ms (from cache)
306 silly pacote tag manifest for @types/source-map-support@ts3.6 fetched in 118ms
307 http fetch GET 304 https://registry.npmjs.org/@types%2fspdy 109ms (from cache)
308 silly pacote tag manifest for @types/spdy@ts3.6 fetched in 119ms
309 http fetch GET 304 https://registry.npmjs.org/@types%2fspdx-expression-parse 126ms (from cache)
310 http fetch GET 200 https://registry.npmjs.org/@types%2fsimple-swizzle 127ms
311 http fetch GET 304 https://registry.npmjs.org/@types%2fsource-list-map 170ms (from cache)
312 silly fetchPackageMetaData error for @types/simple-swizzle@ts3.6 No matching version found for @types/simple-swizzle@ts3.6.
313 silly pacote tag manifest for @types/spdx-expression-parse@ts3.6 fetched in 145ms
314 silly pacote tag manifest for @types/source-list-map@ts3.6 fetched in 191ms
315 http fetch GET 304 https://registry.npmjs.org/@types%2fsprintf 129ms (from cache)
316 silly pacote tag manifest for @types/sprintf@ts3.6 fetched in 139ms
317 http fetch GET 304 https://registry.npmjs.org/@types%2fsshpk 127ms (from cache)
318 http fetch GET 304 https://registry.npmjs.org/@types%2fsprintf-js 136ms (from cache)
319 silly pacote tag manifest for @types/sshpk@ts3.6 fetched in 133ms
320 silly pacote tag manifest for @types/sprintf-js@ts3.6 fetched in 142ms
321 http fetch GET 304 https://registry.npmjs.org/@types%2fssri 118ms (from cache)
322 silly pacote tag manifest for @types/ssri@ts3.6 fetched in 126ms
323 http fetch GET 304 https://registry.npmjs.org/@types%2fstack-utils 97ms (from cache)
324 silly pacote tag manifest for @types/stack-utils@ts3.6 fetched in 106ms
325 http fetch GET 304 https://registry.npmjs.org/@types%2fstream-shift 103ms (from cache)
326 silly pacote tag manifest for @types/stream-shift@ts3.6 fetched in 109ms
327 http fetch GET 304 https://registry.npmjs.org/@types%2fstream-each 115ms (from cache)
328 http fetch GET 304 https://registry.npmjs.org/@types%2fstatuses 126ms (from cache)
329 silly pacote tag manifest for @types/stream-each@ts3.6 fetched in 123ms
330 silly pacote tag manifest for @types/statuses@ts3.6 fetched in 139ms
331 http fetch GET 304 https://registry.npmjs.org/@types%2fstrict-uri-encode 120ms (from cache)
332 silly pacote tag manifest for @types/strict-uri-encode@ts3.6 fetched in 125ms
333 http fetch GET 304 https://registry.npmjs.org/@types%2fstring-natural-compare 105ms (from cache)
334 silly pacote tag manifest for @types/string-natural-compare@ts3.6 fetched in 110ms
335 http fetch GET 304 https://registry.npmjs.org/@types%2fstring.prototype.matchall 111ms (from cache)
336 http fetch GET 304 https://registry.npmjs.org/@types%2fstringify-object 103ms (from cache)
337 http fetch GET 304 https://registry.npmjs.org/@types%2fstrip-comments 92ms (from cache)
338 silly pacote tag manifest for @types/string.prototype.matchall@ts3.6 fetched in 119ms
339 silly pacote tag manifest for @types/stringify-object@ts3.6 fetched in 111ms
340 silly pacote tag manifest for @types/strip-comments@ts3.6 fetched in 105ms
341 http fetch GET 304 https://registry.npmjs.org/@types%2fstrip-final-newline 98ms (from cache)
342 http fetch GET 304 https://registry.npmjs.org/@types%2fsvg-parser 87ms (from cache)
343 silly pacote tag manifest for @types/strip-final-newline@ts3.6 fetched in 104ms
344 silly pacote tag manifest for @types/svg-parser@ts3.6 fetched in 91ms
345 http fetch GET 304 https://registry.npmjs.org/@types%2fsupports-color 99ms (from cache)
346 silly pacote tag manifest for @types/supports-color@ts3.6 fetched in 103ms
347 http fetch GET 304 https://registry.npmjs.org/@types%2ftapable 104ms (from cache)
348 silly pacote tag manifest for @types/tapable@ts3.6 fetched in 123ms
349 http fetch GET 304 https://registry.npmjs.org/@types%2fsymbol-tree 151ms (from cache)
350 http fetch GET 304 https://registry.npmjs.org/@types%2ftext-table 133ms (from cache)
351 silly pacote tag manifest for @types/symbol-tree@ts3.6 fetched in 161ms
352 http fetch GET 304 https://registry.npmjs.org/@types%2fthrough 134ms (from cache)
353 http fetch GET 304 https://registry.npmjs.org/@types%2ftar 148ms (from cache)
354 silly pacote tag manifest for @types/text-table@ts3.6 fetched in 147ms
355 silly pacote tag manifest for @types/through@ts3.6 fetched in 146ms
356 silly pacote tag manifest for @types/tar@ts3.6 fetched in 159ms
357 http fetch GET 304 https://registry.npmjs.org/@types%2fthunky 122ms (from cache)
358 silly pacote tag manifest for @types/thunky@ts3.6 fetched in 131ms
359 http fetch GET 304 https://registry.npmjs.org/@types%2ftimsort 129ms (from cache)
360 silly pacote tag manifest for @types/timsort@ts3.6 fetched in 138ms
361 http fetch GET 304 https://registry.npmjs.org/@types%2fthrough2 149ms (from cache)
362 silly pacote tag manifest for @types/through2@ts3.6 fetched in 158ms
363 http fetch GET 304 https://registry.npmjs.org/@types%2ftmp 92ms (from cache)
364 silly pacote tag manifest for @types/tmp@ts3.6 fetched in 94ms
365 http fetch GET 304 https://registry.npmjs.org/@types%2ftmpl 100ms (from cache)
366 silly registry:manifest no matching version for @types/tmpl@ts3.6 in the cache. Forcing revalidation.
367 http fetch GET 304 https://registry.npmjs.org/@types%2fto-regex 92ms (from cache)
368 http fetch GET 304 https://registry.npmjs.org/@types%2fto-regex-range 89ms (from cache)
369 silly registry:manifest no matching version for @types/to-regex@ts3.6 in the cache. Forcing revalidation.
370 silly registry:manifest no matching version for @types/to-regex-range@ts3.6 in the cache. Forcing revalidation.
371 http fetch GET 304 https://registry.npmjs.org/@types%2ftoidentifier 101ms (from cache)
372 silly registry:manifest no matching version for @types/toidentifier@ts3.6 in the cache. Forcing revalidation.
373 http fetch GET 304 https://registry.npmjs.org/@types%2ftr46 96ms (from cache)
374 silly registry:manifest no matching version for @types/tr46@ts3.6 in the cache. Forcing revalidation.
375 http fetch GET 304 https://registry.npmjs.org/@types%2ftough-cookie 113ms (from cache)
376 http fetch GET 304 https://registry.npmjs.org/@types%2ftype-check 85ms (from cache)
377 silly pacote tag manifest for @types/tough-cookie@ts3.6 fetched in 120ms
378 silly pacote tag manifest for @types/type-check@ts3.6 fetched in 91ms
379 http fetch GET 200 https://registry.npmjs.org/@types%2fto-regex-range 78ms
380 silly fetchPackageMetaData error for @types/to-regex-range@ts3.6 No matching version found for @types/to-regex-range@ts3.6.
381 http fetch GET 200 https://registry.npmjs.org/@types%2fto-regex 88ms
382 silly fetchPackageMetaData error for @types/to-regex@ts3.6 No matching version found for @types/to-regex@ts3.6.
383 http fetch GET 304 https://registry.npmjs.org/@types%2ftryer 147ms (from cache)
384 silly pacote tag manifest for @types/tryer@ts3.6 fetched in 161ms
385 http fetch GET 200 https://registry.npmjs.org/@types%2ftoidentifier 116ms
386 silly fetchPackageMetaData error for @types/toidentifier@ts3.6 No matching version found for @types/toidentifier@ts3.6.
387 http fetch GET 304 https://registry.npmjs.org/@types%2ftype-detect 97ms (from cache)
388 http fetch GET 200 https://registry.npmjs.org/@types%2ftr46 115ms
389 silly pacote tag manifest for @types/type-detect@ts3.6 fetched in 105ms
390 silly fetchPackageMetaData error for @types/tr46@ts3.6 No matching version found for @types/tr46@ts3.6.
391 http fetch GET 200 https://registry.npmjs.org/@types%2ftmpl 189ms
392 silly fetchPackageMetaData error for @types/tmpl@ts3.6 No matching version found for @types/tmpl@ts3.6.
393 http fetch GET 304 https://registry.npmjs.org/@types%2ftype-is 142ms (from cache)
394 silly pacote tag manifest for @types/type-is@ts3.6 fetched in 149ms
395 http fetch GET 304 https://registry.npmjs.org/@types%2ftypedarray-to-buffer 125ms (from cache)
396 silly registry:manifest no matching version for @types/typedarray-to-buffer@ts3.6 in the cache. Forcing revalidation.
397 http fetch GET 304 https://registry.npmjs.org/@types%2funbox-primitive 118ms (from cache)
398 silly registry:manifest no matching version for @types/unbox-primitive@ts3.6 in the cache. Forcing revalidation.
399 http fetch GET 304 https://registry.npmjs.org/@types%2funiq 107ms (from cache)
400 silly pacote tag manifest for @types/uniq@ts3.6 fetched in 116ms
401 http fetch GET 304 https://registry.npmjs.org/@types%2funiversalify 107ms (from cache)
402 http fetch GET 304 https://registry.npmjs.org/@types%2furix 95ms (from cache)
403 silly pacote tag manifest for @types/universalify@ts3.6 fetched in 112ms
404 silly pacote tag manifest for @types/urix@ts3.6 fetched in 100ms
405 http fetch GET 304 https://registry.npmjs.org/@types%2furl-parse 97ms (from cache)
406 silly pacote tag manifest for @types/url-parse@ts3.6 fetched in 104ms
407 http fetch GET 200 https://registry.npmjs.org/@types%2ftypedarray-to-buffer 62ms
408 silly fetchPackageMetaData error for @types/typedarray-to-buffer@ts3.6 No matching version found for @types/typedarray-to-buffer@ts3.6.
409 http fetch GET 200 https://registry.npmjs.org/@types%2funbox-primitive 83ms
410 silly fetchPackageMetaData error for @types/unbox-primitive@ts3.6 No matching version found for @types/unbox-primitive@ts3.6.
411 http fetch GET 304 https://registry.npmjs.org/@types%2futil-deprecate 115ms (from cache)
412 silly pacote tag manifest for @types/util-deprecate@ts3.6 fetched in 120ms
413 http fetch GET 304 https://registry.npmjs.org/@types%2futil.promisify 118ms (from cache)
414 silly pacote tag manifest for @types/util.promisify@ts3.6 fetched in 126ms
415 http fetch GET 304 https://registry.npmjs.org/@types%2fvary 90ms (from cache)
416 http fetch GET 304 https://registry.npmjs.org/@types%2futils-merge 120ms (from cache)
417 silly pacote tag manifest for @types/vary@ts3.6 fetched in 97ms
418 silly pacote tag manifest for @types/utils-merge@ts3.6 fetched in 126ms
419 http fetch GET 304 https://registry.npmjs.org/@types%2fverror 96ms (from cache)
420 silly pacote tag manifest for @types/verror@ts3.6 fetched in 102ms
421 http fetch GET 304 https://registry.npmjs.org/@types%2fw3c-hr-time 94ms (from cache)
422 http fetch GET 304 https://registry.npmjs.org/@types%2fvalidate-npm-package-license 121ms (from cache)
423 silly pacote tag manifest for @types/w3c-hr-time@ts3.6 fetched in 106ms
424 silly pacote tag manifest for @types/validate-npm-package-license@ts3.6 fetched in 133ms
425 http fetch GET 304 https://registry.npmjs.org/@types%2fw3c-xmlserializer 97ms (from cache)
426 http fetch GET 304 https://registry.npmjs.org/@types%2fwatchpack 89ms (from cache)
427 silly pacote tag manifest for @types/w3c-xmlserializer@ts3.6 fetched in 101ms
428 silly pacote tag manifest for @types/watchpack@ts3.6 fetched in 95ms
429 http fetch GET 304 https://registry.npmjs.org/@types%2fwebpack-manifest-plugin 87ms (from cache)
430 silly pacote tag manifest for @types/webpack-manifest-plugin@ts3.6 fetched in 92ms
431 http fetch GET 304 https://registry.npmjs.org/@types%2fwebidl-conversions 126ms (from cache)
432 http fetch GET 304 https://registry.npmjs.org/@types%2fwebpack 124ms (from cache)
433 silly pacote tag manifest for @types/webidl-conversions@ts3.6 fetched in 137ms
434 silly pacote tag manifest for @types/webpack@ts3.6 fetched in 134ms
435 http fetch GET 304 https://registry.npmjs.org/@types%2fwebpack-sources 111ms (from cache)
436 silly pacote tag manifest for @types/webpack-sources@ts3.6 fetched in 118ms
437 http fetch GET 304 https://registry.npmjs.org/@types%2fwhatwg-url 98ms (from cache)
438 http fetch GET 304 https://registry.npmjs.org/@types%2fread 2087ms (from cache)
439 http fetch GET 304 https://registry.npmjs.org/@types%2fwhatwg-encoding 123ms (from cache)
440 silly pacote tag manifest for @types/whatwg-url@ts3.6 fetched in 105ms
441 silly pacote tag manifest for @types/read@ts3.6 fetched in 2097ms
442 silly pacote tag manifest for @types/whatwg-encoding@ts3.6 fetched in 134ms
443 http fetch GET 304 https://registry.npmjs.org/@types%2fwhatwg-mimetype 132ms (from cache)
444 silly pacote tag manifest for @types/whatwg-mimetype@ts3.6 fetched in 135ms
445 http fetch GET 304 https://registry.npmjs.org/@types%2fwhich 85ms (from cache)
446 silly pacote tag manifest for @types/which@ts3.6 fetched in 88ms
447 http fetch GET 304 https://registry.npmjs.org/@types%2fwhich-boxed-primitive 76ms (from cache)
448 silly registry:manifest no matching version for @types/which-boxed-primitive@ts3.6 in the cache. Forcing revalidation.
449 http fetch GET 304 https://registry.npmjs.org/@types%2fworkbox-build 75ms (from cache)
450 silly pacote tag manifest for @types/workbox-build@ts3.6 fetched in 81ms
451 http fetch GET 304 https://registry.npmjs.org/@types%2fwhich-pm-runs 114ms (from cache)
452 silly pacote tag manifest for @types/which-pm-runs@ts3.6 fetched in 117ms
453 http fetch GET 304 https://registry.npmjs.org/@types%2fworkbox-webpack-plugin 98ms (from cache)
454 http fetch GET 304 https://registry.npmjs.org/@types%2fwrap-ansi 99ms (from cache)
455 silly pacote tag manifest for @types/workbox-webpack-plugin@ts3.6 fetched in 106ms
456 http fetch GET 304 https://registry.npmjs.org/@types%2fworkbox-sw 112ms (from cache)
457 silly pacote tag manifest for @types/wrap-ansi@ts3.6 fetched in 106ms
458 silly pacote tag manifest for @types/workbox-sw@ts3.6 fetched in 115ms
459 http fetch GET 200 https://registry.npmjs.org/@types%2fwhich-boxed-primitive 97ms
460 silly fetchPackageMetaData error for @types/which-boxed-primitive@ts3.6 No matching version found for @types/which-boxed-primitive@ts3.6.
461 http fetch GET 304 https://registry.npmjs.org/@types%2fwrite-file-atomic 128ms (from cache)
462 http fetch GET 304 https://registry.npmjs.org/@types%2fxml-name-validator 87ms (from cache)
463 http fetch GET 304 https://registry.npmjs.org/@types%2fws 124ms (from cache)
464 silly registry:manifest no matching version for @types/xml-name-validator@ts3.6 in the cache. Forcing revalidation.
465 silly pacote tag manifest for @types/write-file-atomic@ts3.6 fetched in 139ms
466 silly pacote tag manifest for @types/ws@ts3.6 fetched in 131ms
467 http fetch GET 304 https://registry.npmjs.org/@types%2fyallist 92ms (from cache)
468 silly pacote tag manifest for @types/yallist@ts3.6 fetched in 99ms
469 http fetch GET 200 https://registry.npmjs.org/@types%2fxml-name-validator 60ms
470 silly fetchPackageMetaData error for @types/xml-name-validator@ts3.6 No matching version found for @types/xml-name-validator@ts3.6.
471 http fetch GET 304 https://registry.npmjs.org/@types%2fyargs-parser 111ms (from cache)
472 silly pacote tag manifest for @types/yargs-parser@ts3.6 fetched in 114ms
473 http fetch GET 304 https://registry.npmjs.org/@types%2fyargs 122ms (from cache)
474 http fetch GET 304 https://registry.npmjs.org/@types%2fxtend 145ms (from cache)
475 silly pacote tag manifest for @types/yargs@ts3.6 fetched in 129ms
476 silly pacote tag manifest for @types/xtend@ts3.6 fetched in 147ms
477 http fetch GET 304 https://registry.npmjs.org/@types%2fsplit 2086ms (from cache)
478 silly pacote tag manifest for @types/split@ts3.6 fetched in 2090ms
479 http fetch GET 304 https://registry.npmjs.org/@types%2fwcwidth 2029ms (from cache)
480 silly pacote tag manifest for @types/wcwidth@ts3.6 fetched in 2034ms
481 timing stage:rollbackFailedOptional Completed in 2ms
482 timing stage:runTopLevelLifecycles Completed in 6327ms
483 verbose type tag
484 verbose stack @types/path-browserify: No matching version found for @types/path-browserify@ts3.6.
484 verbose stack     at pickManifest (/usr/local/lib/node_modules/npm/node_modules/npm-pick-manifest/index.js:122:13)
484 verbose stack     at /usr/local/lib/node_modules/npm/node_modules/pacote/lib/fetchers/registry/manifest.js:43:18
484 verbose stack     at tryCatcher (/usr/local/lib/node_modules/npm/node_modules/bluebird/js/release/util.js:16:23)
484 verbose stack     at Promise._settlePromiseFromHandler (/usr/local/lib/node_modules/npm/node_modules/bluebird/js/release/promise.js:517:31)
484 verbose stack     at Promise._settlePromise (/usr/local/lib/node_modules/npm/node_modules/bluebird/js/release/promise.js:574:18)
484 verbose stack     at Promise._settlePromise0 (/usr/local/lib/node_modules/npm/node_modules/bluebird/js/release/promise.js:619:10)
484 verbose stack     at Promise._settlePromises (/usr/local/lib/node_modules/npm/node_modules/bluebird/js/release/promise.js:699:18)
484 verbose stack     at _drainQueueStep (/usr/local/lib/node_modules/npm/node_modules/bluebird/js/release/async.js:138:12)
484 verbose stack     at _drainQueue (/usr/local/lib/node_modules/npm/node_modules/bluebird/js/release/async.js:131:9)
484 verbose stack     at Async._drainQueues (/usr/local/lib/node_modules/npm/node_modules/bluebird/js/release/async.js:147:5)
484 verbose stack     at Immediate.Async.drainQueues [as _onImmediate] (/usr/local/lib/node_modules/npm/node_modules/bluebird/js/release/async.js:17:14)
484 verbose stack     at processImmediate (internal/timers.js:456:21)
485 verbose cwd /home/theia/.cache/typescript/3.6
486 verbose Linux 5.15.0-43-generic
487 verbose argv "/usr/local/bin/node" "/usr/local/bin/npm" "install" "--ignore-scripts" "@types/lodash.memoize@ts3.6" "@types/lodash.merge@ts3.6" "@types/lodash.template@ts3.6" "@types/lodash.truncate@ts3.6" "@types/lodash.uniq@ts3.6" "@types/lz-string@ts3.6" "@types/media-typer@ts3.6" "@types/memory-fs@ts3.6" "@types/memorystream@ts3.6" "@types/merge-descriptors@ts3.6" "@types/merge-stream@ts3.6" "@types/merge2@ts3.6" "@types/methods@ts3.6" "@types/micromatch@ts3.6" "@types/mime@ts3.6" "@types/mime-db@ts3.6" "@types/mime-types@ts3.6" "@types/min-indent@ts3.6" "@types/minimalistic-assert@ts3.6" "@types/minimatch@ts3.6" "@types/minimist@ts3.6" "@types/minizlib@ts3.6" "@types/mkdirp@ts3.6" "@types/moo@ts3.6" "@types/move-concurrently@ts3.6" "@types/ms@ts3.6" "@types/multicast-dns@ts3.6" "@types/mute-stream@ts3.6" "@types/natural-compare@ts3.6" "@types/nearley@ts3.6" "@types/negotiator@ts3.6" "@types/next-tick@ts3.6" "@types/nice-try@ts3.6" "@types/node-fetch@ts3.6" "@types/node-forge@ts3.6" "@types/node-int64@ts3.6" "@types/node-notifier@ts3.6" "@types/normalize-package-data@ts3.6" "@types/normalize-path@ts3.6" "@types/num2fraction@ts3.6" "@types/nwsapi@ts3.6" "@types/object-assign@ts3.6" "@types/object-inspect@ts3.6" "@types/object-keys@ts3.6" "@types/object.fromentries@ts3.6" "@types/object.getownpropertydescriptors@ts3.6" "@types/object.pick@ts3.6" "@types/on-finished@ts3.6" "@types/on-headers@ts3.6" "@types/once@ts3.6" "@types/optimize-css-assets-webpack-plugin@ts3.6" "@types/os-tmpdir@ts3.6" "@types/pako@ts3.6" "@types/parallel-transform@ts3.6" "@types/parse-json@ts3.6" "@types/parseurl@ts3.6" "@types/pascalcase@ts3.6" "@types/path-browserify@ts3.6" "@types/path-is-absolute@ts3.6" "@types/path-is-inside@ts3.6" "@types/path-parse@ts3.6" "@types/pbkdf2@ts3.6" "@types/picomatch@ts3.6" "@types/pify@ts3.6" "@types/postcss-flexbugs-fixes@ts3.6" "@types/postcss-gap-properties@ts3.6" "@types/postcss-modules-extract-imports@ts3.6" "@types/postcss-modules-local-by-default@ts3.6" "@types/postcss-modules-scope@ts3.6" "@types/postcss-modules-values@ts3.6" "@types/postcss-normalize@ts3.6" "@types/postcss-preset-env@ts3.6" "@types/postcss-safe-parser@ts3.6" "@types/prelude-ls@ts3.6" "@types/prettier-linter-helpers@ts3.6" "@types/progress@ts3.6" "@types/promise-inflight@ts3.6" "@types/prompts@ts3.6" "@types/prop-types@ts3.6" "@types/proxy-addr@ts3.6" "@types/psl@ts3.6" "@types/pump@ts3.6" "@types/pumpify@ts3.6" "@types/punycode@ts3.6" "@types/q@ts3.6" "@types/qs@ts3.6" "@types/querystringify@ts3.6" "@types/raf@ts3.6" "@types/randombytes@ts3.6" "@types/range-parser@ts3.6" "@types/react-dev-utils@ts3.6" "@types/react-is@ts3.6" "@types/react-refresh@ts3.6" "@types/react-router@ts3.6" "@types/react-test-renderer@ts3.6" "@types/read@ts3.6" "@types/readable-stream@ts3.6" "@types/recursive-readdir@ts3.6" "@types/regenerate@ts3.6" "@types/regenerator-runtime@ts3.6" "@types/regex-not@ts3.6" "@types/relateurl@ts3.6" "@types/repeat-element@ts3.6" "@types/repeat-string@ts3.6" "@types/request@ts3.6" "@types/require-directory@ts3.6" "@types/require-from-string@ts3.6" "@types/requires-port@ts3.6" "@types/resolve@ts3.6" "@types/retry@ts3.6" "@types/rimraf@ts3.6" "@types/ripemd160@ts3.6" "@types/rsvp@ts3.6" "@types/run-parallel@ts3.6" "@types/safe-regex@ts3.6" "@types/safe-regex-test@ts3.6" "@types/safer-buffer@ts3.6" "@types/sane@ts3.6" "@types/sass-loader@ts3.6" "@types/sax@ts3.6" "@types/scheduler@ts3.6" "@types/selfsigned@ts3.6" "@types/semver@ts3.6" "@types/semver-compare@ts3.6" "@types/send@ts3.6" "@types/serialize-javascript@ts3.6" "@types/serve-index@ts3.6" "@types/serve-static@ts3.6" "@types/set-blocking@ts3.6" "@types/set-cookie-parser@ts3.6" "@types/set-value@ts3.6" "@types/setimmediate@ts3.6" "@types/sha.js@ts3.6" "@types/shallowequal@ts3.6" "@types/shebang-command@ts3.6" "@types/shell-quote@ts3.6" "@types/signal-exit@ts3.6" "@types/simple-swizzle@ts3.6" "@types/slice-ansi@ts3.6" "@types/sockjs@ts3.6" "@types/sockjs-client@ts3.6" "@types/source-list-map@ts3.6" "@types/source-map-support@ts3.6" "@types/spdx-correct@ts3.6" "@types/spdx-expression-parse@ts3.6" "@types/spdy@ts3.6" "@types/split@ts3.6" "@types/sprintf@ts3.6" "@types/sprintf-js@ts3.6" "@types/sshpk@ts3.6" "@types/ssri@ts3.6" "@types/stack-utils@ts3.6" "@types/statuses@ts3.6" "@types/stream-each@ts3.6" "@types/stream-shift@ts3.6" "@types/strict-uri-encode@ts3.6" "@types/string-natural-compare@ts3.6" "@types/string.prototype.matchall@ts3.6" "@types/stringify-object@ts3.6" "@types/strip-comments@ts3.6" "@types/strip-final-newline@ts3.6" "@types/supports-color@ts3.6" "@types/svg-parser@ts3.6" "@types/symbol-tree@ts3.6" "@types/tapable@ts3.6" "@types/tar@ts3.6" "@types/text-table@ts3.6" "@types/through@ts3.6" "@types/through2@ts3.6" "@types/thunky@ts3.6" "@types/timsort@ts3.6" "@types/tmp@ts3.6" "@types/tmpl@ts3.6" "@types/to-regex@ts3.6" "@types/to-regex-range@ts3.6" "@types/toidentifier@ts3.6" "@types/tough-cookie@ts3.6" "@types/tr46@ts3.6" "@types/tryer@ts3.6" "@types/type-check@ts3.6" "@types/type-detect@ts3.6" "@types/type-is@ts3.6" "@types/typedarray-to-buffer@ts3.6" "@types/unbox-primitive@ts3.6" "@types/uniq@ts3.6" "@types/universalify@ts3.6" "@types/urix@ts3.6" "@types/url-parse@ts3.6" "@types/util-deprecate@ts3.6" "@types/util.promisify@ts3.6" "@types/utils-merge@ts3.6" "@types/validate-npm-package-license@ts3.6" "@types/vary@ts3.6" "@types/verror@ts3.6" "@types/w3c-hr-time@ts3.6" "@types/w3c-xmlserializer@ts3.6" "@types/watchpack@ts3.6" "@types/wcwidth@ts3.6" "@types/webidl-conversions@ts3.6" "@types/webpack@ts3.6" "@types/webpack-manifest-plugin@ts3.6" "@types/webpack-sources@ts3.6" "@types/whatwg-encoding@ts3.6" "@types/whatwg-mimetype@ts3.6" "@types/whatwg-url@ts3.6" "@types/which@ts3.6" "@types/which-boxed-primitive@ts3.6" "@types/which-pm-runs@ts3.6" "@types/workbox-build@ts3.6" "@types/workbox-sw@ts3.6" "@types/workbox-webpack-plugin@ts3.6" "@types/wrap-ansi@ts3.6" "@types/write-file-atomic@ts3.6" "@types/ws@ts3.6" "@types/xml-name-validator@ts3.6" "@types/xtend@ts3.6" "@types/yallist@ts3.6" "@types/yargs@ts3.6" "@types/yargs-parser@ts3.6" "--save-dev" "--user-agent=typesInstaller/3.6.3"
488 verbose node v12.18.3
489 verbose npm  v6.14.6
490 error code ETARGET
491 error notarget No matching version found for @types/path-browserify@ts3.6.
492 error notarget In most cases you or one of your dependencies are requesting
492 error notarget a package version that doesn't exist.
493 verbose exit [ 1, true ]
