0 info it worked if it ends with ok
1 verbose cli [
1 verbose cli   '/usr/local/bin/node',
1 verbose cli   '/usr/local/bin/npm',
1 verbose cli   'install',
1 verbose cli   '--ignore-scripts',
1 verbose cli   '@types/craco__craco@ts3.6',
1 verbose cli   '@types/styled-components@ts3.6',
1 verbose cli   '--save-dev',
1 verbose cli   '--user-agent=typesInstaller/3.6.3'
1 verbose cli ]
2 info using npm@6.14.6
3 info using node@v12.18.3
4 verbose npm-session b4ecce12e0c2bf14
5 silly install loadCurrentTree
6 silly install readLocalPackageData
7 http fetch GET 304 https://registry.npmjs.org/@types%2fcraco__craco 275ms (from cache)
8 silly registry:manifest no matching version for @types/craco__craco@ts3.6 in the cache. Forcing revalidation.
9 http fetch GET 304 https://registry.npmjs.org/@types%2fstyled-components 364ms (from cache)
10 silly pacote tag manifest for @types/styled-components@ts3.6 fetched in 376ms
11 http fetch GET 200 https://registry.npmjs.org/@types%2fcraco__craco 1955ms
12 silly fetchPackageMetaData error for @types/craco__craco@ts3.6 No matching version found for @types/craco__craco@ts3.6.
13 timing stage:rollbackFailedOptional Completed in 2ms
14 timing stage:runTopLevelLifecycles Completed in 2537ms
15 verbose type tag
16 verbose stack @types/craco__craco: No matching version found for @types/craco__craco@ts3.6.
16 verbose stack     at pickManifest (/usr/local/lib/node_modules/npm/node_modules/npm-pick-manifest/index.js:122:13)
16 verbose stack     at /usr/local/lib/node_modules/npm/node_modules/pacote/lib/fetchers/registry/manifest.js:43:18
16 verbose stack     at tryCatcher (/usr/local/lib/node_modules/npm/node_modules/bluebird/js/release/util.js:16:23)
16 verbose stack     at Promise._settlePromiseFromHandler (/usr/local/lib/node_modules/npm/node_modules/bluebird/js/release/promise.js:517:31)
16 verbose stack     at Promise._settlePromise (/usr/local/lib/node_modules/npm/node_modules/bluebird/js/release/promise.js:574:18)
16 verbose stack     at Promise._settlePromise0 (/usr/local/lib/node_modules/npm/node_modules/bluebird/js/release/promise.js:619:10)
16 verbose stack     at Promise._settlePromises (/usr/local/lib/node_modules/npm/node_modules/bluebird/js/release/promise.js:699:18)
16 verbose stack     at _drainQueueStep (/usr/local/lib/node_modules/npm/node_modules/bluebird/js/release/async.js:138:12)
16 verbose stack     at _drainQueue (/usr/local/lib/node_modules/npm/node_modules/bluebird/js/release/async.js:131:9)
16 verbose stack     at Async._drainQueues (/usr/local/lib/node_modules/npm/node_modules/bluebird/js/release/async.js:147:5)
16 verbose stack     at Immediate.Async.drainQueues [as _onImmediate] (/usr/local/lib/node_modules/npm/node_modules/bluebird/js/release/async.js:17:14)
16 verbose stack     at processImmediate (internal/timers.js:456:21)
17 verbose cwd /home/theia/.cache/typescript/3.6
18 verbose Linux 5.15.0-43-generic
19 verbose argv "/usr/local/bin/node" "/usr/local/bin/npm" "install" "--ignore-scripts" "@types/craco__craco@ts3.6" "@types/styled-components@ts3.6" "--save-dev" "--user-agent=typesInstaller/3.6.3"
20 verbose node v12.18.3
21 verbose npm  v6.14.6
22 error code ETARGET
23 error notarget No matching version found for @types/craco__craco@ts3.6.
24 error notarget In most cases you or one of your dependencies are requesting
24 error notarget a package version that doesn't exist.
25 verbose exit [ 1, true ]
